[joke] POST /getUser 200 - - 31.013 ms --------Mon Oct 28 2019 23:57:45 GMT+0800 (GMT+08:00)
[joke] POST /login 500 1709 - 10038.250 ms --------Mon Oct 28 2019 23:57:49 GMT+0800 (GMT+08:00)
[joke] POST /getUser 200 - - 32.385 ms --------Tue Oct 29 2019 00:20:52 GMT+0800 (GMT+08:00)
[joke] POST /login 200 - - 42.813 ms --------Tue Oct 29 2019 00:20:57 GMT+0800 (GMT+08:00)
[joke] POST /login 200 - - 65.800 ms --------Tue Oct 29 2019 00:22:25 GMT+0800 (GMT+08:00)
[joke] POST /login 200 - - 59.014 ms --------Tue Oct 29 2019 00:41:11 GMT+0800 (GMT+08:00)
[joke] POST /login 200 - - 77.029 ms --------Tue Oct 29 2019 00:42:28 GMT+0800 (GMT+08:00)
[joke] POST /getUser 200 - - 28.994 ms --------Tue Oct 29 2019 00:50:24 GMT+0800 (GMT+08:00)
[joke] POST /login 200 - - 56.103 ms --------Tue Oct 29 2019 00:50:32 GMT+0800 (GMT+08:00)
[joke] POST /register 200 - - 26.813 ms --------Tue Oct 29 2019 00:50:53 GMT+0800 (GMT+08:00)
[joke] POST /register 200 - - 72.225 ms --------Tue Oct 29 2019 00:54:16 GMT+0800 (GMT+08:00)
[joke] POST /register 200 - - 65.621 ms --------Tue Oct 29 2019 00:56:50 GMT+0800 (GMT+08:00)
[joke] POST /register 200 - - 64.289 ms --------Tue Oct 29 2019 01:02:42 GMT+0800 (GMT+08:00)
[joke] POST /register 200 - - 130.766 ms --------Tue Oct 29 2019 01:05:55 GMT+0800 (GMT+08:00)
[joke] POST /getSpending 200 - - 30.576 ms --------Tue Oct 29 2019 01:05:57 GMT+0800 (GMT+08:00)
[joke] POST /getSumByDate 200 - - 31.990 ms --------Tue Oct 29 2019 01:05:58 GMT+0800 (GMT+08:00)
[joke] POST /getUser 200 - - 4.182 ms --------Tue Oct 29 2019 01:06:14 GMT+0800 (GMT+08:00)
[joke] POST /getSumByDate 200 - - 31.659 ms --------Tue Oct 29 2019 01:06:14 GMT+0800 (GMT+08:00)
[joke] POST /getSpending 200 - - 37.721 ms --------Tue Oct 29 2019 01:06:14 GMT+0800 (GMT+08:00)
[joke] POST /getUser 200 - - 4.580 ms --------Tue Oct 29 2019 01:08:47 GMT+0800 (GMT+08:00)
[joke] POST /getSpending 200 - - 29.591 ms --------Tue Oct 29 2019 01:08:47 GMT+0800 (GMT+08:00)
[joke] POST /getSumByDate 200 - - 32.985 ms --------Tue Oct 29 2019 01:08:47 GMT+0800 (GMT+08:00)
[joke] POST /getUser 200 - - 6.543 ms --------Tue Oct 29 2019 01:09:22 GMT+0800 (GMT+08:00)
[joke] POST /getSpending 200 - - 29.474 ms --------Tue Oct 29 2019 01:09:22 GMT+0800 (GMT+08:00)
[joke] POST /getSumByDate 200 - - 36.335 ms --------Tue Oct 29 2019 01:09:22 GMT+0800 (GMT+08:00)
[joke] POST /getUser 200 - - 26.393 ms --------Tue Oct 29 2019 01:09:29 GMT+0800 (GMT+08:00)
[joke] POST /getSpending 200 - - 58.296 ms --------Tue Oct 29 2019 01:09:29 GMT+0800 (GMT+08:00)
[joke] POST /getSumByDate 200 - - 26.967 ms --------Tue Oct 29 2019 01:09:29 GMT+0800 (GMT+08:00)
[joke] POST /getUser 200 - - 26.460 ms --------Tue Oct 29 2019 01:11:08 GMT+0800 (GMT+08:00)
[joke] POST /getSpending 200 - - 55.316 ms --------Tue Oct 29 2019 01:11:08 GMT+0800 (GMT+08:00)
[joke] POST /getSumByDate 200 - - 55.839 ms --------Tue Oct 29 2019 01:11:08 GMT+0800 (GMT+08:00)
[joke] POST /getUser 200 - - 29.008 ms --------Tue Oct 29 2019 01:12:11 GMT+0800 (GMT+08:00)
[joke] POST /getSumByDate 200 - - 57.058 ms --------Tue Oct 29 2019 01:12:11 GMT+0800 (GMT+08:00)
[joke] POST /getSpending 200 - - 55.868 ms --------Tue Oct 29 2019 01:12:11 GMT+0800 (GMT+08:00)
[joke] POST /getUser 200 - - 25.643 ms --------Tue Oct 29 2019 01:13:11 GMT+0800 (GMT+08:00)
[joke] POST /getSpending 200 - - 55.819 ms --------Tue Oct 29 2019 01:13:11 GMT+0800 (GMT+08:00)
[joke] POST /getSumByDate 200 - - 57.807 ms --------Tue Oct 29 2019 01:13:11 GMT+0800 (GMT+08:00)
[joke] POST /getUser 200 - - 27.047 ms --------Tue Oct 29 2019 01:19:23 GMT+0800 (GMT+08:00)
[joke] POST /getSumByDate 200 - - 51.494 ms --------Tue Oct 29 2019 01:19:23 GMT+0800 (GMT+08:00)
[joke] POST /getSpending 200 - - 53.851 ms --------Tue Oct 29 2019 01:19:23 GMT+0800 (GMT+08:00)
[joke] POST /login 200 - - 29.270 ms --------Tue Oct 29 2019 01:24:35 GMT+0800 (GMT+08:00)
[joke] POST /getSpending 200 - - 22.978 ms --------Tue Oct 29 2019 01:24:38 GMT+0800 (GMT+08:00)
[joke] POST /getSumByDate 200 - - 34.737 ms --------Tue Oct 29 2019 01:24:38 GMT+0800 (GMT+08:00)
[joke] POST /getUser 200 - - 26.887 ms --------Tue Oct 29 2019 01:28:08 GMT+0800 (GMT+08:00)
[joke] POST /getSumByDate 200 - - 56.511 ms --------Tue Oct 29 2019 01:28:08 GMT+0800 (GMT+08:00)
[joke] POST /getSpending 200 - - 57.072 ms --------Tue Oct 29 2019 01:28:08 GMT+0800 (GMT+08:00)
[joke] POST /getUser 200 - - 28.566 ms --------Tue Oct 29 2019 01:30:45 GMT+0800 (GMT+08:00)
[joke] POST /getSpending 200 - - 54.069 ms --------Tue Oct 29 2019 01:30:46 GMT+0800 (GMT+08:00)
[joke] POST /getSumByDate 200 - - 53.977 ms --------Tue Oct 29 2019 01:30:46 GMT+0800 (GMT+08:00)
[joke] POST /getUser 200 - - 34.649 ms --------Tue Oct 29 2019 01:34:35 GMT+0800 (GMT+08:00)
[joke] POST /getSpending 200 - - 63.144 ms --------Tue Oct 29 2019 01:34:35 GMT+0800 (GMT+08:00)
[joke] POST /getSumByDate 200 - - 56.568 ms --------Tue Oct 29 2019 01:34:35 GMT+0800 (GMT+08:00)
[joke] POST /getUser 200 - - 8.002 ms --------Tue Oct 29 2019 01:35:15 GMT+0800 (GMT+08:00)
[joke] POST /getSpending 200 - - 31.970 ms --------Tue Oct 29 2019 01:35:15 GMT+0800 (GMT+08:00)
[joke] POST /getSumByDate 200 - - 34.538 ms --------Tue Oct 29 2019 01:35:15 GMT+0800 (GMT+08:00)
[joke] POST /getUser 200 - - 6.969 ms --------Tue Oct 29 2019 01:35:21 GMT+0800 (GMT+08:00)
[joke] POST /getSpending 200 - - 24.345 ms --------Tue Oct 29 2019 01:35:21 GMT+0800 (GMT+08:00)
[joke] POST /getSumByDate 200 - - 26.825 ms --------Tue Oct 29 2019 01:35:21 GMT+0800 (GMT+08:00)
[joke] POST /getUser 200 - - 7.488 ms --------Tue Oct 29 2019 01:37:32 GMT+0800 (GMT+08:00)
[joke] POST /getSpending 200 - - 34.189 ms --------Tue Oct 29 2019 01:37:32 GMT+0800 (GMT+08:00)
[joke] POST /getSumByDate 200 - - 39.040 ms --------Tue Oct 29 2019 01:37:33 GMT+0800 (GMT+08:00)
[joke] POST /subSpending 200 - - 53.352 ms --------Tue Oct 29 2019 01:38:41 GMT+0800 (GMT+08:00)
[joke] POST /subSpending 200 - - 48.236 ms --------Tue Oct 29 2019 01:40:14 GMT+0800 (GMT+08:00)
[joke] POST /subSpending 200 - - 47.919 ms --------Tue Oct 29 2019 01:45:01 GMT+0800 (GMT+08:00)
[joke] POST /subSpending 200 - - 64.434 ms --------Tue Oct 29 2019 01:45:44 GMT+0800 (GMT+08:00)
[joke] POST /getSumByDate 200 - - 24.263 ms --------Tue Oct 29 2019 01:45:45 GMT+0800 (GMT+08:00)
[joke] POST /getUser 200 - - 4.124 ms --------Tue Oct 29 2019 01:45:54 GMT+0800 (GMT+08:00)
[joke] POST /getSpending 200 - - 28.188 ms --------Tue Oct 29 2019 01:45:54 GMT+0800 (GMT+08:00)
[joke] POST /getSumByDate 200 - - 23.946 ms --------Tue Oct 29 2019 01:45:54 GMT+0800 (GMT+08:00)
[joke] POST /getSumByDate 200 - - 24.745 ms --------Tue Oct 29 2019 01:45:58 GMT+0800 (GMT+08:00)
[joke] POST /getSumByDate 200 - - 27.453 ms --------Tue Oct 29 2019 01:46:03 GMT+0800 (GMT+08:00)
[joke] POST /getUser 200 - - 51.931 ms --------Wed Oct 30 2019 23:04:06 GMT+0800 (GMT+08:00)
[joke] POST /login 200 - - 50.418 ms --------Wed Oct 30 2019 23:05:51 GMT+0800 (GMT+08:00)
[joke] POST /login 200 - - 21.738 ms --------Wed Oct 30 2019 23:08:12 GMT+0800 (GMT+08:00)
[joke] POST /login 200 - - 25.220 ms --------Wed Oct 30 2019 23:10:50 GMT+0800 (GMT+08:00)
[joke] POST /login 200 - - 23.497 ms --------Wed Oct 30 2019 23:11:01 GMT+0800 (GMT+08:00)
[joke] POST /login 200 - - 23.094 ms --------Wed Oct 30 2019 23:12:02 GMT+0800 (GMT+08:00)
[joke] POST /getSpending 200 - - 21.700 ms --------Wed Oct 30 2019 23:12:04 GMT+0800 (GMT+08:00)
[joke] POST /getSumByDate 200 - - 22.555 ms --------Wed Oct 30 2019 23:12:05 GMT+0800 (GMT+08:00)
[joke] POST /getSumByDate 200 - - 23.631 ms --------Wed Oct 30 2019 23:12:36 GMT+0800 (GMT+08:00)
[joke] POST /getSpending 200 - - 26.754 ms --------Wed Oct 30 2019 23:16:04 GMT+0800 (GMT+08:00)
[joke] POST /getSumByDate 200 - - 45.703 ms --------Wed Oct 30 2019 23:16:04 GMT+0800 (GMT+08:00)
[joke] POST /login 200 - - 22.246 ms --------Wed Oct 30 2019 23:16:17 GMT+0800 (GMT+08:00)
[joke] POST /login 200 - - 25.913 ms --------Wed Oct 30 2019 23:17:28 GMT+0800 (GMT+08:00)
[joke] POST /login 200 - - 22.260 ms --------Wed Oct 30 2019 23:20:58 GMT+0800 (GMT+08:00)
[joke] POST /login 200 - - 23.739 ms --------Wed Oct 30 2019 23:21:03 GMT+0800 (GMT+08:00)
[joke] POST /login 200 - - 23.134 ms --------Wed Oct 30 2019 23:21:17 GMT+0800 (GMT+08:00)
[joke] POST /login 200 - - 24.292 ms --------Wed Oct 30 2019 23:23:10 GMT+0800 (GMT+08:00)
[joke] POST /login 200 - - 25.644 ms --------Wed Oct 30 2019 23:23:40 GMT+0800 (GMT+08:00)
[joke] POST /login 200 - - 28.953 ms --------Wed Oct 30 2019 23:28:14 GMT+0800 (GMT+08:00)
[joke] POST /login 200 - - 22.261 ms --------Wed Oct 30 2019 23:30:08 GMT+0800 (GMT+08:00)
[joke] POST /login 200 - - 26.169 ms --------Wed Oct 30 2019 23:30:30 GMT+0800 (GMT+08:00)
[joke] POST /login 200 - - 24.837 ms --------Wed Oct 30 2019 23:32:35 GMT+0800 (GMT+08:00)
[joke] POST /login 200 - - 25.267 ms --------Wed Oct 30 2019 23:52:30 GMT+0800 (GMT+08:00)
[joke] POST /login 200 - - 24.041 ms --------Wed Oct 30 2019 23:58:53 GMT+0800 (GMT+08:00)
[joke] POST /login 200 - - 27.600 ms --------Wed Oct 30 2019 23:58:58 GMT+0800 (GMT+08:00)
[joke] POST /login 200 - - 22.743 ms --------Thu Oct 31 2019 00:03:49 GMT+0800 (GMT+08:00)
[joke] POST /getUser 200 - - 44.259 ms --------Mon Jan 06 2020 18:26:39 GMT+0800 (GMT+08:00)
[joke] POST /login 500 2240 - 43.336 ms --------Mon Jan 06 2020 18:26:41 GMT+0800 (GMT+08:00)
[joke] POST /getUser 500 2240 - 40.252 ms --------Mon Jan 06 2020 18:27:00 GMT+0800 (GMT+08:00)
[joke] POST /login 500 2240 - 43.709 ms --------Mon Jan 06 2020 18:27:05 GMT+0800 (GMT+08:00)
[joke] POST /getUser 500 2240 - 239.163 ms --------Mon Jan 06 2020 18:28:26 GMT+0800 (GMT+08:00)
[joke] POST /login 500 2240 - 284.243 ms --------Mon Jan 06 2020 18:32:02 GMT+0800 (GMT+08:00)
[joke] POST /getUser 500 2240 - 44.880 ms --------Mon Jan 06 2020 18:32:14 GMT+0800 (GMT+08:00)
[joke] POST /getUser 500 2240 - 258.524 ms --------Mon Jan 06 2020 18:58:03 GMT+0800 (GMT+08:00)
[joke] POST /register 500 2240 - 43.936 ms --------Mon Jan 06 2020 18:59:06 GMT+0800 (GMT+08:00)
[joke] POST /getUser 500 2240 - 216.110 ms --------Mon Jan 06 2020 22:34:10 GMT+0800 (GMT+08:00)
[joke] POST /getUser 200 - - 11.243 ms --------Mon Jan 06 2020 23:28:04 GMT+0800 (GMT+08:00)
[joke] POST /register 200 - - 44.646 ms --------Mon Jan 06 2020 23:28:23 GMT+0800 (GMT+08:00)
[joke] POST /register 200 - - 17.843 ms --------Mon Jan 06 2020 23:30:08 GMT+0800 (GMT+08:00)
[joke] POST /register 200 - - 68.438 ms --------Mon Jan 06 2020 23:33:16 GMT+0800 (GMT+08:00)
[joke] POST /getSpending 200 - - 22.366 ms --------Mon Jan 06 2020 23:33:18 GMT+0800 (GMT+08:00)
[joke] POST /getSumByDate 200 - - 19.179 ms --------Mon Jan 06 2020 23:33:18 GMT+0800 (GMT+08:00)
[joke] POST /login 200 - - 21.189 ms --------Mon Jan 06 2020 23:35:50 GMT+0800 (GMT+08:00)
[joke] POST /getSpending 200 - - 18.734 ms --------Mon Jan 06 2020 23:35:53 GMT+0800 (GMT+08:00)
[joke] POST /getSumByDate 200 - - 21.001 ms --------Mon Jan 06 2020 23:35:53 GMT+0800 (GMT+08:00)
[joke] POST /getUser 200 - - 11.620 ms --------Mon Jan 06 2020 23:40:09 GMT+0800 (GMT+08:00)
[joke] POST /getSpending 200 - - 36.271 ms --------Mon Jan 06 2020 23:40:09 GMT+0800 (GMT+08:00)
[joke] POST /getSumByDate 200 - - 42.119 ms --------Mon Jan 06 2020 23:40:09 GMT+0800 (GMT+08:00)
[joke] POST /getUser 200 - - 0.562 ms --------Mon Jan 06 2020 23:40:41 GMT+0800 (GMT+08:00)
[joke] POST /getSpending 200 - - 18.016 ms --------Mon Jan 06 2020 23:40:41 GMT+0800 (GMT+08:00)
[joke] POST /getSumByDate 200 - - 23.055 ms --------Mon Jan 06 2020 23:40:41 GMT+0800 (GMT+08:00)
[joke] POST /getUser 200 - - 12.289 ms --------Mon Jan 06 2020 23:40:56 GMT+0800 (GMT+08:00)
[joke] POST /getSumByDate 200 - - 48.093 ms --------Mon Jan 06 2020 23:40:56 GMT+0800 (GMT+08:00)
[joke] POST /getSpending 200 - - 49.839 ms --------Mon Jan 06 2020 23:40:56 GMT+0800 (GMT+08:00)
[joke] POST /getUser 200 - - 13.682 ms --------Mon Jan 06 2020 23:42:11 GMT+0800 (GMT+08:00)
[joke] POST /getSpending 200 - - 39.218 ms --------Mon Jan 06 2020 23:42:11 GMT+0800 (GMT+08:00)
[joke] POST /getSumByDate 200 - - 40.002 ms --------Mon Jan 06 2020 23:42:11 GMT+0800 (GMT+08:00)
[joke] POST /getUser 200 - - 12.482 ms --------Mon Jan 06 2020 23:48:11 GMT+0800 (GMT+08:00)
[joke] POST /getSumByDate 200 - - 44.913 ms --------Mon Jan 06 2020 23:48:11 GMT+0800 (GMT+08:00)
[joke] POST /getSpending 200 - - 44.641 ms --------Mon Jan 06 2020 23:48:11 GMT+0800 (GMT+08:00)
[joke] POST /getUser 200 - - 11.780 ms --------Mon Jan 06 2020 23:50:32 GMT+0800 (GMT+08:00)
[joke] POST /getSpending 200 - - 36.747 ms --------Mon Jan 06 2020 23:50:32 GMT+0800 (GMT+08:00)
[joke] POST /getSumByDate 200 - - 47.899 ms --------Mon Jan 06 2020 23:50:32 GMT+0800 (GMT+08:00)
[joke] POST /subSpending 200 - - 40.578 ms --------Mon Jan 06 2020 23:51:17 GMT+0800 (GMT+08:00)
[joke] POST /subSpending 200 - - 43.648 ms --------Mon Jan 06 2020 23:54:08 GMT+0800 (GMT+08:00)
[joke] POST /subSpending 200 - - 100.733 ms --------Tue Jan 07 2020 00:07:39 GMT+0800 (GMT+08:00)
[joke] POST /subSpending 200 - - 94.427 ms --------Tue Jan 07 2020 00:12:31 GMT+0800 (GMT+08:00)
[joke] POST /getSumByDate 200 - - 22.243 ms --------Tue Jan 07 2020 00:12:31 GMT+0800 (GMT+08:00)
[joke] POST /getSumByDate 200 - - 19.131 ms --------Tue Jan 07 2020 00:14:20 GMT+0800 (GMT+08:00)
[joke] POST /getSumByDate 200 - - 17.540 ms --------Tue Jan 07 2020 00:14:25 GMT+0800 (GMT+08:00)
[joke] POST /getUser 200 - - 0.604 ms --------Tue Jan 07 2020 00:14:30 GMT+0800 (GMT+08:00)
[joke] POST /getSpending 200 - - 17.500 ms --------Tue Jan 07 2020 00:14:30 GMT+0800 (GMT+08:00)
[joke] POST /getSumByDate 200 - - 17.762 ms --------Tue Jan 07 2020 00:14:30 GMT+0800 (GMT+08:00)
[joke] POST /login 200 - - 19.995 ms --------Tue Jan 07 2020 00:15:07 GMT+0800 (GMT+08:00)
[joke] POST /getSumByDate 200 - - 20.997 ms --------Tue Jan 07 2020 00:15:09 GMT+0800 (GMT+08:00)
[joke] POST /getSpending 200 - - 19.330 ms --------Tue Jan 07 2020 00:15:09 GMT+0800 (GMT+08:00)
[joke] POST /getSpending 200 - - 38.106 ms --------Tue Jan 07 2020 00:15:50 GMT+0800 (GMT+08:00)
[joke] POST /getUser 200 - - 0.464 ms --------Tue Jan 07 2020 00:15:56 GMT+0800 (GMT+08:00)
[joke] POST /getSpending 200 - - 30.847 ms --------Tue Jan 07 2020 00:15:56 GMT+0800 (GMT+08:00)
[joke] POST /getSumByDate 200 - - 18.295 ms --------Tue Jan 07 2020 00:15:57 GMT+0800 (GMT+08:00)
[joke] POST /getSpending 200 - - 21.447 ms --------Tue Jan 07 2020 00:16:14 GMT+0800 (GMT+08:00)
[joke] POST /getUser 200 - - 13.076 ms --------Wed Jan 08 2020 23:06:20 GMT+0800 (GMT+08:00)
[joke] POST /login 200 - - 54.819 ms --------Wed Jan 08 2020 23:06:25 GMT+0800 (GMT+08:00)
[joke] POST /getSpending 200 - - 20.743 ms --------Wed Jan 08 2020 23:06:27 GMT+0800 (GMT+08:00)
[joke] POST /getSumByDate 200 - - 23.399 ms --------Wed Jan 08 2020 23:06:28 GMT+0800 (GMT+08:00)
[joke] POST /getUser 200 - - 0.719 ms --------Wed Jan 08 2020 23:06:31 GMT+0800 (GMT+08:00)
[joke] POST /getSpending 200 - - 55.638 ms --------Wed Jan 08 2020 23:06:31 GMT+0800 (GMT+08:00)
[joke] POST /getSumByDate 200 - - 65.230 ms --------Wed Jan 08 2020 23:06:32 GMT+0800 (GMT+08:00)
[joke] POST /getSpending 200 - - 32.318 ms --------Wed Jan 08 2020 23:06:51 GMT+0800 (GMT+08:00)
[joke] POST /getSpending 200 - - 21.802 ms --------Wed Jan 08 2020 23:07:03 GMT+0800 (GMT+08:00)
[joke] POST /getSpending 200 - - 26.110 ms --------Wed Jan 08 2020 23:07:09 GMT+0800 (GMT+08:00)
[joke] POST /getSpending 200 - - 23.787 ms --------Wed Jan 08 2020 23:07:11 GMT+0800 (GMT+08:00)
[joke] POST /getSpending 200 - - 22.240 ms --------Wed Jan 08 2020 23:07:13 GMT+0800 (GMT+08:00)
[joke] POST /getSpending 200 - - 20.915 ms --------Wed Jan 08 2020 23:07:15 GMT+0800 (GMT+08:00)
[joke] POST /getSpending 200 - - 20.924 ms --------Wed Jan 08 2020 23:07:18 GMT+0800 (GMT+08:00)
[joke] POST /getSpending 200 - - 22.185 ms --------Wed Jan 08 2020 23:07:21 GMT+0800 (GMT+08:00)
[joke] POST /getUser 200 - - 0.492 ms --------Wed Jan 08 2020 23:07:27 GMT+0800 (GMT+08:00)
[joke] POST /getSpending 200 - - 21.672 ms --------Wed Jan 08 2020 23:07:27 GMT+0800 (GMT+08:00)
[joke] POST /getSumByDate 200 - - 22.764 ms --------Wed Jan 08 2020 23:07:27 GMT+0800 (GMT+08:00)
[joke] POST /getSpending 200 - - 22.795 ms --------Wed Jan 08 2020 23:07:29 GMT+0800 (GMT+08:00)
[joke] POST /getSpending 200 - - 22.728 ms --------Wed Jan 08 2020 23:07:38 GMT+0800 (GMT+08:00)
[joke] POST /getSpending 200 - - 23.066 ms --------Wed Jan 08 2020 23:07:41 GMT+0800 (GMT+08:00)
[joke] POST /getSpending 200 - - 22.149 ms --------Wed Jan 08 2020 23:07:43 GMT+0800 (GMT+08:00)
[joke] POST /getSpending 200 - - 20.666 ms --------Wed Jan 08 2020 23:07:46 GMT+0800 (GMT+08:00)
[joke] POST /getSpending 200 - - 22.614 ms --------Wed Jan 08 2020 23:07:49 GMT+0800 (GMT+08:00)
[joke] POST /getUser 200 - - 0.552 ms --------Wed Jan 08 2020 23:11:05 GMT+0800 (GMT+08:00)
[joke] POST /getSpending 200 - - 23.190 ms --------Wed Jan 08 2020 23:11:05 GMT+0800 (GMT+08:00)
[joke] POST /getSumByDate 200 - - 43.634 ms --------Wed Jan 08 2020 23:11:05 GMT+0800 (GMT+08:00)
[joke] POST /getSpending 200 - - 21.951 ms --------Wed Jan 08 2020 23:11:07 GMT+0800 (GMT+08:00)
[joke] POST /getSpending 200 - - 21.995 ms --------Wed Jan 08 2020 23:11:09 GMT+0800 (GMT+08:00)
[joke] POST /getSpending 200 - - 22.048 ms --------Wed Jan 08 2020 23:11:12 GMT+0800 (GMT+08:00)
[joke] POST /getUser 200 - - 11.473 ms --------Wed Jan 08 2020 23:11:28 GMT+0800 (GMT+08:00)
[joke] POST /getSpending 200 - - 51.234 ms --------Wed Jan 08 2020 23:11:28 GMT+0800 (GMT+08:00)
[joke] POST /getSumByDate 200 - - 56.474 ms --------Wed Jan 08 2020 23:11:28 GMT+0800 (GMT+08:00)
[joke] POST /getSpending 200 - - 18.289 ms --------Wed Jan 08 2020 23:11:31 GMT+0800 (GMT+08:00)
[joke] POST /getSpending 200 - - 29.904 ms --------Wed Jan 08 2020 23:11:33 GMT+0800 (GMT+08:00)
[joke] POST /getUser 200 - - 0.842 ms --------Wed Jan 08 2020 23:13:43 GMT+0800 (GMT+08:00)
[joke] POST /getSpending 200 - - 24.648 ms --------Wed Jan 08 2020 23:13:43 GMT+0800 (GMT+08:00)
[joke] POST /getSumByDate 200 - - 27.390 ms --------Wed Jan 08 2020 23:13:43 GMT+0800 (GMT+08:00)
[joke] POST /getSpending 200 - - 21.058 ms --------Wed Jan 08 2020 23:13:47 GMT+0800 (GMT+08:00)
[joke] POST /getUser 200 - - 0.436 ms --------Wed Jan 08 2020 23:21:23 GMT+0800 (GMT+08:00)
[joke] POST /getSumByDate 200 - - 18.401 ms --------Wed Jan 08 2020 23:21:23 GMT+0800 (GMT+08:00)
[joke] POST /getSpending 200 - - 24.579 ms --------Wed Jan 08 2020 23:21:23 GMT+0800 (GMT+08:00)
[joke] POST /getSpending 200 - - 20.679 ms --------Wed Jan 08 2020 23:21:26 GMT+0800 (GMT+08:00)
[joke] POST /getSpending 200 - - 20.207 ms --------Wed Jan 08 2020 23:21:28 GMT+0800 (GMT+08:00)
[joke] POST /getUser 200 - - 0.717 ms --------Wed Jan 08 2020 23:23:54 GMT+0800 (GMT+08:00)
[joke] POST /getSumByDate 200 - - 18.704 ms --------Wed Jan 08 2020 23:23:54 GMT+0800 (GMT+08:00)
[joke] POST /getSpending 200 - - 22.638 ms --------Wed Jan 08 2020 23:23:54 GMT+0800 (GMT+08:00)
[joke] POST /getSpending 200 - - 19.412 ms --------Wed Jan 08 2020 23:23:56 GMT+0800 (GMT+08:00)
[joke] POST /subSpending 200 - - 52.773 ms --------Wed Jan 08 2020 23:24:12 GMT+0800 (GMT+08:00)
[joke] POST /getSumByDate 200 - - 20.585 ms --------Wed Jan 08 2020 23:24:12 GMT+0800 (GMT+08:00)
[joke] POST /getUser 200 - - 0.667 ms --------Wed Jan 08 2020 23:24:22 GMT+0800 (GMT+08:00)
[joke] POST /getSpending 200 - - 26.690 ms --------Wed Jan 08 2020 23:24:22 GMT+0800 (GMT+08:00)
[joke] POST /getSumByDate 200 - - 18.858 ms --------Wed Jan 08 2020 23:24:22 GMT+0800 (GMT+08:00)
[joke] POST /getSpending 200 - - 18.852 ms --------Wed Jan 08 2020 23:24:24 GMT+0800 (GMT+08:00)
[joke] POST /getSpending 200 - - 19.148 ms --------Wed Jan 08 2020 23:24:26 GMT+0800 (GMT+08:00)
[joke] POST /getUser 200 - - 0.774 ms --------Wed Jan 08 2020 23:25:42 GMT+0800 (GMT+08:00)
[joke] POST /getSumByDate 200 - - 17.630 ms --------Wed Jan 08 2020 23:25:42 GMT+0800 (GMT+08:00)
[joke] POST /getSpending 200 - - 21.141 ms --------Wed Jan 08 2020 23:25:42 GMT+0800 (GMT+08:00)
[joke] POST /getSpending 200 - - 22.043 ms --------Wed Jan 08 2020 23:25:45 GMT+0800 (GMT+08:00)
[joke] POST /getUser 200 - - 0.358 ms --------Wed Jan 08 2020 23:26:31 GMT+0800 (GMT+08:00)
[joke] POST /getSumByDate 200 - - 23.741 ms --------Wed Jan 08 2020 23:26:31 GMT+0800 (GMT+08:00)
[joke] POST /getSpending 200 - - 29.745 ms --------Wed Jan 08 2020 23:26:31 GMT+0800 (GMT+08:00)
[joke] POST /getSpending 200 - - 21.131 ms --------Wed Jan 08 2020 23:26:33 GMT+0800 (GMT+08:00)
[joke] POST /subSpending 200 - - 48.493 ms --------Wed Jan 08 2020 23:26:53 GMT+0800 (GMT+08:00)
[joke] POST /getSumByDate 200 - - 21.832 ms --------Wed Jan 08 2020 23:26:53 GMT+0800 (GMT+08:00)
[joke] POST /getUser 200 - - 0.560 ms --------Wed Jan 08 2020 23:27:02 GMT+0800 (GMT+08:00)
[joke] POST /getSpending 200 - - 23.382 ms --------Wed Jan 08 2020 23:27:02 GMT+0800 (GMT+08:00)
[joke] POST /getSumByDate 200 - - 22.418 ms --------Wed Jan 08 2020 23:27:02 GMT+0800 (GMT+08:00)
[joke] POST /getSpending 200 - - 21.181 ms --------Wed Jan 08 2020 23:27:04 GMT+0800 (GMT+08:00)
[joke] POST /getUser 200 - - 0.376 ms --------Wed Jan 08 2020 23:29:11 GMT+0800 (GMT+08:00)
[joke] POST /getSpending 200 - - 22.977 ms --------Wed Jan 08 2020 23:29:11 GMT+0800 (GMT+08:00)
[joke] POST /getSumByDate 200 - - 24.998 ms --------Wed Jan 08 2020 23:29:11 GMT+0800 (GMT+08:00)
[joke] POST /getSpending 200 - - 23.595 ms --------Wed Jan 08 2020 23:29:21 GMT+0800 (GMT+08:00)
[joke] POST /getSpending 200 - - 21.774 ms --------Wed Jan 08 2020 23:32:05 GMT+0800 (GMT+08:00)
[joke] POST /getSumByDate 200 - - 20.085 ms --------Wed Jan 08 2020 23:32:05 GMT+0800 (GMT+08:00)
[joke] POST /getUser 200 - - 0.543 ms --------Wed Jan 08 2020 23:32:06 GMT+0800 (GMT+08:00)
[joke] POST /getSpending 200 - - 24.482 ms --------Wed Jan 08 2020 23:32:06 GMT+0800 (GMT+08:00)
[joke] POST /getSumByDate 200 - - 20.936 ms --------Wed Jan 08 2020 23:32:07 GMT+0800 (GMT+08:00)
[joke] POST /getUser 200 - - 0.630 ms --------Wed Jan 08 2020 23:37:43 GMT+0800 (GMT+08:00)
[joke] POST /getSumByDate 200 - - 22.371 ms --------Wed Jan 08 2020 23:37:43 GMT+0800 (GMT+08:00)
[joke] POST /getSpending 200 - - 26.070 ms --------Wed Jan 08 2020 23:37:43 GMT+0800 (GMT+08:00)
[joke] POST /getUser 200 - - 0.524 ms --------Wed Jan 08 2020 23:37:45 GMT+0800 (GMT+08:00)
[joke] POST /getSpending 200 - - 19.586 ms --------Wed Jan 08 2020 23:37:45 GMT+0800 (GMT+08:00)
[joke] POST /getSumByDate 200 - - 19.851 ms --------Wed Jan 08 2020 23:37:45 GMT+0800 (GMT+08:00)
[joke] POST /getUser 200 - - 0.638 ms --------Wed Jan 08 2020 23:38:15 GMT+0800 (GMT+08:00)
[joke] POST /getSpending 200 - - 20.077 ms --------Wed Jan 08 2020 23:38:15 GMT+0800 (GMT+08:00)
[joke] POST /getSumByDate 200 - - 22.317 ms --------Wed Jan 08 2020 23:38:15 GMT+0800 (GMT+08:00)
[joke] POST /getUser 200 - - 0.519 ms --------Wed Jan 08 2020 23:41:21 GMT+0800 (GMT+08:00)
[joke] POST /getUser 200 - - 0.529 ms --------Wed Jan 08 2020 23:46:53 GMT+0800 (GMT+08:00)
[joke] POST /getSpending 200 - - 32.234 ms --------Wed Jan 08 2020 23:46:53 GMT+0800 (GMT+08:00)
[joke] POST /getSumByDate 200 - - 32.644 ms --------Wed Jan 08 2020 23:46:53 GMT+0800 (GMT+08:00)
[joke] POST /getSpending 200 - - 18.444 ms --------Wed Jan 08 2020 23:47:37 GMT+0800 (GMT+08:00)
[joke] POST /getSumByDate 200 - - 20.455 ms --------Wed Jan 08 2020 23:47:37 GMT+0800 (GMT+08:00)
[joke] POST /getUser 200 - - 0.536 ms --------Wed Jan 08 2020 23:47:40 GMT+0800 (GMT+08:00)
[joke] POST /getSpending 200 - - 25.805 ms --------Wed Jan 08 2020 23:47:40 GMT+0800 (GMT+08:00)
[joke] POST /getSumByDate 200 - - 22.825 ms --------Wed Jan 08 2020 23:47:41 GMT+0800 (GMT+08:00)
[joke] POST /getUser 200 - - 0.612 ms --------Wed Jan 08 2020 23:49:31 GMT+0800 (GMT+08:00)
[joke] POST /getSumByDate 200 - - 20.502 ms --------Wed Jan 08 2020 23:49:31 GMT+0800 (GMT+08:00)
[joke] POST /getSpending 200 - - 21.829 ms --------Wed Jan 08 2020 23:49:31 GMT+0800 (GMT+08:00)
[joke] POST /getUser 200 - - 0.494 ms --------Wed Jan 08 2020 23:50:50 GMT+0800 (GMT+08:00)
[joke] POST /getSpending 200 - - 19.315 ms --------Wed Jan 08 2020 23:50:50 GMT+0800 (GMT+08:00)
[joke] POST /getSumByDate 200 - - 18.908 ms --------Wed Jan 08 2020 23:50:50 GMT+0800 (GMT+08:00)
[joke] POST /getUser 200 - - 0.634 ms --------Wed Jan 08 2020 23:51:55 GMT+0800 (GMT+08:00)
[joke] POST /getSpending 200 - - 20.566 ms --------Wed Jan 08 2020 23:51:55 GMT+0800 (GMT+08:00)
[joke] POST /getSumByDate 200 - - 20.877 ms --------Wed Jan 08 2020 23:51:55 GMT+0800 (GMT+08:00)
[joke] POST /getSpending 200 - - 21.709 ms --------Wed Jan 08 2020 23:54:54 GMT+0800 (GMT+08:00)
[joke] POST /getSumByDate 200 - - 21.489 ms --------Wed Jan 08 2020 23:54:55 GMT+0800 (GMT+08:00)
[joke] POST /getUser 200 - - 0.483 ms --------Wed Jan 08 2020 23:54:57 GMT+0800 (GMT+08:00)
[joke] POST /getSpending 200 - - 22.061 ms --------Wed Jan 08 2020 23:54:57 GMT+0800 (GMT+08:00)
[joke] POST /getSumByDate 200 - - 18.025 ms --------Wed Jan 08 2020 23:54:57 GMT+0800 (GMT+08:00)
[joke] POST /getSpending 200 - - 19.012 ms --------Wed Jan 08 2020 23:57:10 GMT+0800 (GMT+08:00)
[joke] POST /getSumByDate 200 - - 27.389 ms --------Wed Jan 08 2020 23:57:11 GMT+0800 (GMT+08:00)
[joke] POST /getUser 200 - - 0.594 ms --------Wed Jan 08 2020 23:57:20 GMT+0800 (GMT+08:00)
[joke] POST /getSpending 200 - - 19.770 ms --------Wed Jan 08 2020 23:57:20 GMT+0800 (GMT+08:00)
[joke] POST /getSumByDate 200 - - 21.023 ms --------Wed Jan 08 2020 23:57:20 GMT+0800 (GMT+08:00)
[joke] POST /getUser 200 - - 0.611 ms --------Wed Jan 08 2020 23:57:23 GMT+0800 (GMT+08:00)
[joke] POST /getSpending 200 - - 21.642 ms --------Wed Jan 08 2020 23:57:23 GMT+0800 (GMT+08:00)
[joke] POST /getSumByDate 200 - - 18.816 ms --------Wed Jan 08 2020 23:57:24 GMT+0800 (GMT+08:00)
[joke] POST /getSumByDate 200 - - 17.972 ms --------Wed Jan 08 2020 23:57:27 GMT+0800 (GMT+08:00)
[joke] POST /getSpending 200 - - 18.856 ms --------Wed Jan 08 2020 23:57:27 GMT+0800 (GMT+08:00)
[joke] POST /getSpending 200 - - 22.553 ms --------Wed Jan 08 2020 23:57:30 GMT+0800 (GMT+08:00)
[joke] POST /getSumByDate 200 - - 21.040 ms --------Wed Jan 08 2020 23:57:30 GMT+0800 (GMT+08:00)
[joke] POST /getUser 200 - - 0.529 ms --------Wed Jan 08 2020 23:57:40 GMT+0800 (GMT+08:00)
[joke] POST /getSumByDate 200 - - 17.744 ms --------Wed Jan 08 2020 23:57:40 GMT+0800 (GMT+08:00)
[joke] POST /getSpending 200 - - 22.192 ms --------Wed Jan 08 2020 23:57:40 GMT+0800 (GMT+08:00)
[joke] POST /getSumByDate 200 - - 17.631 ms --------Wed Jan 08 2020 23:57:42 GMT+0800 (GMT+08:00)
[joke] POST /getSpending 200 - - 18.826 ms --------Wed Jan 08 2020 23:57:42 GMT+0800 (GMT+08:00)
[joke] POST /getSpending 200 - - 20.644 ms --------Wed Jan 08 2020 23:59:08 GMT+0800 (GMT+08:00)
[joke] POST /getSumByDate 200 - - 20.148 ms --------Wed Jan 08 2020 23:59:09 GMT+0800 (GMT+08:00)
[joke] POST /getSpending 200 - - 21.162 ms --------Thu Jan 09 2020 00:01:54 GMT+0800 (GMT+08:00)
[joke] POST /getSumByDate 200 - - 20.861 ms --------Thu Jan 09 2020 00:01:54 GMT+0800 (GMT+08:00)
[joke] POST /getUser 200 - - 0.623 ms --------Thu Jan 09 2020 00:01:59 GMT+0800 (GMT+08:00)
[joke] POST /getSpending 200 - - 25.101 ms --------Thu Jan 09 2020 00:01:59 GMT+0800 (GMT+08:00)
[joke] POST /getSumByDate 200 - - 20.124 ms --------Thu Jan 09 2020 00:01:59 GMT+0800 (GMT+08:00)
[joke] POST /getSpending 200 - - 19.808 ms --------Thu Jan 09 2020 00:02:57 GMT+0800 (GMT+08:00)
[joke] POST /getSumByDate 200 - - 18.379 ms --------Thu Jan 09 2020 00:02:57 GMT+0800 (GMT+08:00)
[joke] POST /getUser 200 - - 0.485 ms --------Thu Jan 09 2020 00:02:59 GMT+0800 (GMT+08:00)
[joke] POST /getSpending 200 - - 17.604 ms --------Thu Jan 09 2020 00:02:59 GMT+0800 (GMT+08:00)
[joke] POST /getSumByDate 200 - - 20.616 ms --------Thu Jan 09 2020 00:02:59 GMT+0800 (GMT+08:00)
[joke] POST /getUser 200 - - 0.644 ms --------Thu Jan 09 2020 00:03:01 GMT+0800 (GMT+08:00)
[joke] POST /getSpending 200 - - 21.605 ms --------Thu Jan 09 2020 00:03:01 GMT+0800 (GMT+08:00)
[joke] POST /getSumByDate 200 - - 18.136 ms --------Thu Jan 09 2020 00:03:02 GMT+0800 (GMT+08:00)
[joke] POST /getSpending 200 - - 27.620 ms --------Thu Jan 09 2020 00:03:13 GMT+0800 (GMT+08:00)
[joke] POST /getSumByDate 200 - - 20.645 ms --------Thu Jan 09 2020 00:03:13 GMT+0800 (GMT+08:00)
[joke] POST /getUser 200 - - 0.331 ms --------Thu Jan 09 2020 00:03:16 GMT+0800 (GMT+08:00)
[joke] POST /getSpending 200 - - 20.108 ms --------Thu Jan 09 2020 00:03:16 GMT+0800 (GMT+08:00)
[joke] POST /getSumByDate 200 - - 18.205 ms --------Thu Jan 09 2020 00:03:16 GMT+0800 (GMT+08:00)
[joke] POST /getSpending 200 - - 18.645 ms --------Thu Jan 09 2020 00:05:04 GMT+0800 (GMT+08:00)
[joke] POST /getSumByDate 200 - - 20.581 ms --------Thu Jan 09 2020 00:05:04 GMT+0800 (GMT+08:00)
[joke] POST /getSpending 200 - - 35.498 ms --------Thu Jan 09 2020 00:06:11 GMT+0800 (GMT+08:00)
[joke] POST /getSumByDate 200 - - 17.365 ms --------Thu Jan 09 2020 00:06:11 GMT+0800 (GMT+08:00)
[joke] POST /getUser 200 - - 0.623 ms --------Thu Jan 09 2020 00:06:56 GMT+0800 (GMT+08:00)
[joke] POST /getSpending 200 - - 19.214 ms --------Thu Jan 09 2020 00:06:56 GMT+0800 (GMT+08:00)
[joke] POST /getSumByDate 200 - - 20.666 ms --------Thu Jan 09 2020 00:06:56 GMT+0800 (GMT+08:00)
[joke] POST /getSpending 200 - - 26.209 ms --------Thu Jan 09 2020 00:14:46 GMT+0800 (GMT+08:00)
[joke] POST /getSumByDate 200 - - 33.694 ms --------Thu Jan 09 2020 00:14:46 GMT+0800 (GMT+08:00)
[joke] POST /getUser 200 - - 0.491 ms --------Thu Jan 09 2020 00:14:48 GMT+0800 (GMT+08:00)
[joke] POST /getSpending 200 - - 17.452 ms --------Thu Jan 09 2020 00:14:48 GMT+0800 (GMT+08:00)
[joke] POST /getSumByDate 200 - - 18.561 ms --------Thu Jan 09 2020 00:14:48 GMT+0800 (GMT+08:00)
[joke] POST /getUser 200 - - 0.544 ms --------Thu Jan 09 2020 00:15:14 GMT+0800 (GMT+08:00)
[joke] POST /getSumByDate 200 - - 17.517 ms --------Thu Jan 09 2020 00:15:14 GMT+0800 (GMT+08:00)
[joke] POST /getSpending 200 - - 18.604 ms --------Thu Jan 09 2020 00:15:14 GMT+0800 (GMT+08:00)
[joke] POST /getUser 200 - - 0.481 ms --------Thu Jan 09 2020 00:15:55 GMT+0800 (GMT+08:00)
[joke] POST /getSumByDate 200 - - 20.673 ms --------Thu Jan 09 2020 00:15:55 GMT+0800 (GMT+08:00)
[joke] POST /getSumByDate 200 - - 21.248 ms --------Thu Jan 09 2020 00:17:14 GMT+0800 (GMT+08:00)
[joke] POST /getUser 200 - - 0.458 ms --------Thu Jan 09 2020 00:17:16 GMT+0800 (GMT+08:00)
[joke] POST /getSumByDate 200 - - 17.627 ms --------Thu Jan 09 2020 00:17:16 GMT+0800 (GMT+08:00)
[joke] POST /getUser 200 - - 0.300 ms --------Thu Jan 09 2020 00:17:37 GMT+0800 (GMT+08:00)
[joke] POST /getSpending 200 - - 17.304 ms --------Thu Jan 09 2020 00:17:37 GMT+0800 (GMT+08:00)
[joke] POST /getSumByDate 200 - - 19.750 ms --------Thu Jan 09 2020 00:17:37 GMT+0800 (GMT+08:00)
[joke] POST /getUser 200 - - 0.459 ms --------Thu Jan 09 2020 00:18:06 GMT+0800 (GMT+08:00)
[joke] POST /getSpending 200 - - 17.176 ms --------Thu Jan 09 2020 00:18:06 GMT+0800 (GMT+08:00)
[joke] POST /getSumByDate 200 - - 19.112 ms --------Thu Jan 09 2020 00:18:06 GMT+0800 (GMT+08:00)
[joke] POST /getSpending 200 - - 19.001 ms --------Thu Jan 09 2020 00:18:20 GMT+0800 (GMT+08:00)
[joke] POST /getSumByDate 200 - - 18.299 ms --------Thu Jan 09 2020 00:18:20 GMT+0800 (GMT+08:00)
[joke] POST /getUser 200 - - 0.623 ms --------Thu Jan 09 2020 00:18:47 GMT+0800 (GMT+08:00)
[joke] POST /getSumByDate 200 - - 21.359 ms --------Thu Jan 09 2020 00:18:47 GMT+0800 (GMT+08:00)
[joke] POST /getSpending 200 - - 23.965 ms --------Thu Jan 09 2020 00:18:47 GMT+0800 (GMT+08:00)
[joke] POST /getSpending 200 - - 20.836 ms --------Thu Jan 09 2020 00:20:06 GMT+0800 (GMT+08:00)
[joke] POST /getUser 200 - - 0.486 ms --------Thu Jan 09 2020 00:20:09 GMT+0800 (GMT+08:00)
[joke] POST /getSpending 200 - - 21.610 ms --------Thu Jan 09 2020 00:20:09 GMT+0800 (GMT+08:00)
[joke] POST /getSumByDate 200 - - 19.784 ms --------Thu Jan 09 2020 00:20:09 GMT+0800 (GMT+08:00)
[joke] POST /getSpending 200 - - 19.769 ms --------Thu Jan 09 2020 00:20:09 GMT+0800 (GMT+08:00)
[joke] POST /getUser 200 - - 0.294 ms --------Thu Jan 09 2020 00:20:39 GMT+0800 (GMT+08:00)
[joke] POST /getSpending 200 - - 21.074 ms --------Thu Jan 09 2020 00:20:39 GMT+0800 (GMT+08:00)
[joke] POST /getSpending 200 - - 22.403 ms --------Thu Jan 09 2020 00:20:39 GMT+0800 (GMT+08:00)
[joke] POST /getSumByDate 200 - - 21.340 ms --------Thu Jan 09 2020 00:20:39 GMT+0800 (GMT+08:00)
[joke] POST /getUser 200 - - 0.282 ms --------Thu Jan 09 2020 00:21:26 GMT+0800 (GMT+08:00)
[joke] POST /getSpending 200 - - 19.794 ms --------Thu Jan 09 2020 00:21:26 GMT+0800 (GMT+08:00)
[joke] POST /getSpending 200 - - 20.833 ms --------Thu Jan 09 2020 00:21:26 GMT+0800 (GMT+08:00)
[joke] POST /getSumByDate 200 - - 17.861 ms --------Thu Jan 09 2020 00:21:26 GMT+0800 (GMT+08:00)
[joke] POST /getUser 200 - - 0.952 ms --------Thu Jan 09 2020 00:25:30 GMT+0800 (GMT+08:00)
[joke] POST /getSpending 200 - - 21.262 ms --------Thu Jan 09 2020 00:25:30 GMT+0800 (GMT+08:00)
[joke] POST /getSumByDate 200 - - 21.472 ms --------Thu Jan 09 2020 00:25:30 GMT+0800 (GMT+08:00)
[joke] POST /getSpending 200 - - 22.890 ms --------Thu Jan 09 2020 00:25:30 GMT+0800 (GMT+08:00)
[joke] POST /getSpending 200 - - 19.239 ms --------Thu Jan 09 2020 00:26:54 GMT+0800 (GMT+08:00)
[joke] POST /getSumByDate 200 - - 17.829 ms --------Thu Jan 09 2020 00:26:54 GMT+0800 (GMT+08:00)
[joke] POST /login 200 - - 21.040 ms --------Thu Jan 09 2020 00:28:37 GMT+0800 (GMT+08:00)
[joke] POST /getSpending 200 - - 21.151 ms --------Thu Jan 09 2020 00:28:39 GMT+0800 (GMT+08:00)
[joke] POST /getUser 200 - - 0.508 ms --------Thu Jan 09 2020 00:28:52 GMT+0800 (GMT+08:00)
[joke] POST /getUser 200 - - 0.553 ms --------Thu Jan 09 2020 00:29:41 GMT+0800 (GMT+08:00)
[joke] POST /login 200 - - 20.136 ms --------Thu Jan 09 2020 00:29:45 GMT+0800 (GMT+08:00)
[joke] POST /login 200 - - 20.962 ms --------Thu Jan 09 2020 00:29:48 GMT+0800 (GMT+08:00)
[joke] POST /getSpending 200 - - 20.099 ms --------Thu Jan 09 2020 00:29:50 GMT+0800 (GMT+08:00)
[joke] POST /getSumByDate 200 - - 19.574 ms --------Thu Jan 09 2020 00:29:50 GMT+0800 (GMT+08:00)
[joke] POST /getSpending 200 - - 22.843 ms --------Thu Jan 09 2020 00:29:53 GMT+0800 (GMT+08:00)
[joke] POST /getSumByDate 200 - - 20.619 ms --------Thu Jan 09 2020 00:29:53 GMT+0800 (GMT+08:00)
[joke] POST /getUser 200 - - 0.655 ms --------Thu Jan 09 2020 00:30:02 GMT+0800 (GMT+08:00)
[joke] POST /getSpending 200 - - 19.765 ms --------Thu Jan 09 2020 00:30:02 GMT+0800 (GMT+08:00)
[joke] POST /getSumByDate 200 - - 23.005 ms --------Thu Jan 09 2020 00:30:02 GMT+0800 (GMT+08:00)
[joke] POST /getSumByDate 200 - - 19.029 ms --------Thu Jan 09 2020 00:30:05 GMT+0800 (GMT+08:00)
[joke] POST /getSpending 200 - - 18.921 ms --------Thu Jan 09 2020 00:30:05 GMT+0800 (GMT+08:00)
[joke] POST /getUser 200 - - 0.463 ms --------Thu Jan 09 2020 00:30:15 GMT+0800 (GMT+08:00)
[joke] POST /getSpending 200 - - 26.472 ms --------Thu Jan 09 2020 00:30:15 GMT+0800 (GMT+08:00)
[joke] POST /getSumByDate 200 - - 26.717 ms --------Thu Jan 09 2020 00:30:15 GMT+0800 (GMT+08:00)
[joke] POST /getSpending 200 - - 18.473 ms --------Thu Jan 09 2020 00:33:41 GMT+0800 (GMT+08:00)
[joke] POST /getSumByDate 200 - - 19.611 ms --------Thu Jan 09 2020 00:33:41 GMT+0800 (GMT+08:00)
[joke] POST /getUser 200 - - 0.535 ms --------Thu Jan 09 2020 00:33:43 GMT+0800 (GMT+08:00)
[joke] POST /getSpending 200 - - 21.602 ms --------Thu Jan 09 2020 00:33:43 GMT+0800 (GMT+08:00)
[joke] POST /getSumByDate 200 - - 19.625 ms --------Thu Jan 09 2020 00:33:44 GMT+0800 (GMT+08:00)
[joke] POST /getSpending 200 - - 20.105 ms --------Thu Jan 09 2020 00:33:48 GMT+0800 (GMT+08:00)
[joke] POST /subSpending 200 - - 38.402 ms --------Thu Jan 09 2020 00:33:59 GMT+0800 (GMT+08:00)
[joke] POST /subSpending 200 - - 36.932 ms --------Thu Jan 09 2020 00:34:15 GMT+0800 (GMT+08:00)
[joke] POST /subSpending 200 - - 37.463 ms --------Thu Jan 09 2020 00:34:55 GMT+0800 (GMT+08:00)
[joke] POST /subSpending 200 - - 36.915 ms --------Thu Jan 09 2020 00:35:19 GMT+0800 (GMT+08:00)
[joke] POST /getSpending 200 - - 27.601 ms --------Thu Jan 09 2020 00:36:53 GMT+0800 (GMT+08:00)
[joke] POST /getSpending 200 - - 20.877 ms --------Thu Jan 09 2020 00:36:58 GMT+0800 (GMT+08:00)
[joke] POST /subSpending 200 - - 40.156 ms --------Thu Jan 09 2020 00:37:09 GMT+0800 (GMT+08:00)
[joke] POST /subSpending 200 - - 40.114 ms --------Thu Jan 09 2020 00:37:54 GMT+0800 (GMT+08:00)
[joke] POST /subSpending 200 - - 39.720 ms --------Thu Jan 09 2020 00:38:12 GMT+0800 (GMT+08:00)
[joke] POST /getUser 200 - - 0.332 ms --------Thu Jan 09 2020 00:38:54 GMT+0800 (GMT+08:00)
[joke] POST /getSumByDate 200 - - 17.767 ms --------Thu Jan 09 2020 00:38:54 GMT+0800 (GMT+08:00)
[joke] POST /getSpending 200 - - 21.670 ms --------Thu Jan 09 2020 00:38:54 GMT+0800 (GMT+08:00)
[joke] POST /subSpending 200 - - 59.875 ms --------Thu Jan 09 2020 00:39:01 GMT+0800 (GMT+08:00)
[joke] POST /getSumByDate 200 - - 18.274 ms --------Thu Jan 09 2020 00:39:01 GMT+0800 (GMT+08:00)
[joke] POST /getSpending 200 - - 19.191 ms --------Thu Jan 09 2020 00:39:05 GMT+0800 (GMT+08:00)
[joke] POST /subSpending 200 - - 37.186 ms --------Thu Jan 09 2020 00:39:16 GMT+0800 (GMT+08:00)
[joke] POST /subSpending 200 - - 93.993 ms --------Thu Jan 09 2020 00:41:42 GMT+0800 (GMT+08:00)
[joke] POST /subSpending 200 - - 111.727 ms --------Thu Jan 09 2020 00:44:44 GMT+0800 (GMT+08:00)
[joke] POST /getSumByDate 200 - - 30.305 ms --------Thu Jan 09 2020 00:44:44 GMT+0800 (GMT+08:00)
[joke] POST /subSpending 200 - - 52.636 ms --------Thu Jan 09 2020 00:45:15 GMT+0800 (GMT+08:00)
[joke] POST /getSumByDate 200 - - 17.521 ms --------Thu Jan 09 2020 00:45:16 GMT+0800 (GMT+08:00)
[joke] POST /getSpending 200 - - 20.247 ms --------Thu Jan 09 2020 00:45:34 GMT+0800 (GMT+08:00)
[joke] POST /subSpending 200 - - 47.259 ms --------Thu Jan 09 2020 00:45:41 GMT+0800 (GMT+08:00)
[joke] POST /getSumByDate 200 - - 17.979 ms --------Thu Jan 09 2020 00:45:42 GMT+0800 (GMT+08:00)
[joke] POST /getUser 200 - - 0.650 ms --------Thu Jan 09 2020 00:45:52 GMT+0800 (GMT+08:00)
[joke] POST /getSpending 200 - - 21.884 ms --------Thu Jan 09 2020 00:45:52 GMT+0800 (GMT+08:00)
[joke] POST /getSumByDate 200 - - 17.633 ms --------Thu Jan 09 2020 00:45:52 GMT+0800 (GMT+08:00)
[joke] POST /getUser 200 - - 0.831 ms --------Thu Jan 09 2020 00:47:10 GMT+0800 (GMT+08:00)
[joke] POST /getSpending 200 - - 20.957 ms --------Thu Jan 09 2020 00:47:10 GMT+0800 (GMT+08:00)
[joke] POST /getSumByDate 200 - - 18.389 ms --------Thu Jan 09 2020 00:47:10 GMT+0800 (GMT+08:00)
[joke] POST /getSpending 200 - - 20.411 ms --------Thu Jan 09 2020 00:47:13 GMT+0800 (GMT+08:00)
[joke] POST /subSpending 200 - - 36.752 ms --------Thu Jan 09 2020 00:47:17 GMT+0800 (GMT+08:00)
[joke] POST /getUser 200 - - 0.527 ms --------Thu Jan 09 2020 00:47:23 GMT+0800 (GMT+08:00)
[joke] POST /getSumByDate 200 - - 19.753 ms --------Thu Jan 09 2020 00:47:23 GMT+0800 (GMT+08:00)
[joke] POST /getSpending 200 - - 21.573 ms --------Thu Jan 09 2020 00:47:23 GMT+0800 (GMT+08:00)
[joke] POST /getSpending 200 - - 17.588 ms --------Thu Jan 09 2020 00:47:25 GMT+0800 (GMT+08:00)
[joke] POST /getSpending 200 - - 31.232 ms --------Thu Jan 09 2020 00:47:28 GMT+0800 (GMT+08:00)
[joke] POST /getUser 200 - - 0.430 ms --------Thu Jan 09 2020 00:52:28 GMT+0800 (GMT+08:00)
[joke] POST /getSumByDate 200 - - 17.795 ms --------Thu Jan 09 2020 00:52:28 GMT+0800 (GMT+08:00)
[joke] POST /getSpending 200 - - 21.494 ms --------Thu Jan 09 2020 00:52:28 GMT+0800 (GMT+08:00)
[joke] POST /subSpending 200 - - 50.037 ms --------Thu Jan 09 2020 00:55:35 GMT+0800 (GMT+08:00)
[joke] POST /getSumByDate 200 - - 17.638 ms --------Thu Jan 09 2020 00:55:35 GMT+0800 (GMT+08:00)
[joke] POST /getSpending 200 - - 23.068 ms --------Thu Jan 09 2020 00:55:37 GMT+0800 (GMT+08:00)
[joke] POST /subSpending 200 - - 45.853 ms --------Thu Jan 09 2020 00:55:42 GMT+0800 (GMT+08:00)
[joke] POST /getSumByDate 200 - - 17.747 ms --------Thu Jan 09 2020 00:55:42 GMT+0800 (GMT+08:00)
[joke] POST /getSpending 200 - - 21.824 ms --------Thu Jan 09 2020 00:55:44 GMT+0800 (GMT+08:00)
[joke] POST /getSpending 200 - - 24.620 ms --------Thu Jan 09 2020 00:55:46 GMT+0800 (GMT+08:00)
[joke] POST /getSpending 200 - - 20.908 ms --------Thu Jan 09 2020 00:55:48 GMT+0800 (GMT+08:00)
[joke] POST /subSpending 200 - - 39.967 ms --------Thu Jan 09 2020 00:55:54 GMT+0800 (GMT+08:00)
[joke] POST /getSpending 200 - - 17.376 ms --------Thu Jan 09 2020 00:56:09 GMT+0800 (GMT+08:00)
[joke] POST /subSpending 200 - - 41.132 ms --------Thu Jan 09 2020 00:56:15 GMT+0800 (GMT+08:00)
[joke] POST /getUser 200 - - 0.607 ms --------Thu Jan 09 2020 00:56:42 GMT+0800 (GMT+08:00)
[joke] POST /getSumByDate 200 - - 18.905 ms --------Thu Jan 09 2020 00:56:42 GMT+0800 (GMT+08:00)
[joke] POST /getSpending 200 - - 23.319 ms --------Thu Jan 09 2020 00:56:42 GMT+0800 (GMT+08:00)
[joke] POST /getSpending 200 - - 21.994 ms --------Thu Jan 09 2020 00:56:45 GMT+0800 (GMT+08:00)
[joke] POST /getSpending 200 - - 18.116 ms --------Thu Jan 09 2020 00:56:48 GMT+0800 (GMT+08:00)
[joke] POST /getSpending 200 - - 20.708 ms --------Thu Jan 09 2020 00:56:51 GMT+0800 (GMT+08:00)
[joke] POST /subSpending 200 - - 42.575 ms --------Thu Jan 09 2020 00:57:00 GMT+0800 (GMT+08:00)
[joke] POST /subSpending 200 - - 36.425 ms --------Thu Jan 09 2020 00:57:10 GMT+0800 (GMT+08:00)
[joke] POST /subSpending 200 - - 92.574 ms --------Thu Jan 09 2020 00:57:34 GMT+0800 (GMT+08:00)
[joke] POST /subSpending 200 - - 42.567 ms --------Thu Jan 09 2020 00:58:51 GMT+0800 (GMT+08:00)
[joke] POST /subSpending 200 - - 38.643 ms --------Thu Jan 09 2020 00:59:07 GMT+0800 (GMT+08:00)
[joke] POST /subSpending 200 - - 111.659 ms --------Thu Jan 09 2020 00:59:50 GMT+0800 (GMT+08:00)
[joke] POST /getSumByDate 200 - - 23.176 ms --------Thu Jan 09 2020 00:59:50 GMT+0800 (GMT+08:00)
[joke] POST /getSpending 200 - - 21.718 ms --------Thu Jan 09 2020 01:00:07 GMT+0800 (GMT+08:00)
[joke] POST /subSpending 200 - - 44.296 ms --------Thu Jan 09 2020 01:00:13 GMT+0800 (GMT+08:00)
[joke] POST /getSumByDate 200 - - 16.692 ms --------Thu Jan 09 2020 01:00:14 GMT+0800 (GMT+08:00)
[joke] POST /getSpending 200 - - 18.425 ms --------Thu Jan 09 2020 01:00:18 GMT+0800 (GMT+08:00)
[joke] POST /subSpending 200 - - 45.270 ms --------Thu Jan 09 2020 01:00:23 GMT+0800 (GMT+08:00)
[joke] POST /getSumByDate 200 - - 18.992 ms --------Thu Jan 09 2020 01:00:23 GMT+0800 (GMT+08:00)
[joke] POST /getUser 200 - - 0.809 ms --------Thu Jan 09 2020 01:00:40 GMT+0800 (GMT+08:00)
[joke] POST /getSumByDate 200 - - 22.903 ms --------Thu Jan 09 2020 01:00:40 GMT+0800 (GMT+08:00)
[joke] POST /getSpending 200 - - 25.551 ms --------Thu Jan 09 2020 01:00:40 GMT+0800 (GMT+08:00)
[joke] POST /getSpending 200 - - 23.880 ms --------Thu Jan 09 2020 01:09:18 GMT+0800 (GMT+08:00)
[joke] POST /getUser 200 - - 0.358 ms --------Thu Jan 09 2020 01:09:22 GMT+0800 (GMT+08:00)
[joke] POST /getSpending 200 - - 24.357 ms --------Thu Jan 09 2020 01:09:22 GMT+0800 (GMT+08:00)
[joke] POST /getSumByDate 200 - - 20.473 ms --------Thu Jan 09 2020 01:09:22 GMT+0800 (GMT+08:00)
[joke] POST /getUser 200 - - 0.517 ms --------Thu Jan 09 2020 01:09:24 GMT+0800 (GMT+08:00)
[joke] POST /getSpending 200 - - 19.496 ms --------Thu Jan 09 2020 01:09:24 GMT+0800 (GMT+08:00)
[joke] POST /getSumByDate 200 - - 17.613 ms --------Thu Jan 09 2020 01:09:24 GMT+0800 (GMT+08:00)
[joke] POST /getSpending 200 - - 19.155 ms --------Thu Jan 09 2020 01:09:31 GMT+0800 (GMT+08:00)
[joke] POST /getSpending 200 - - 28.442 ms --------Thu Jan 09 2020 01:10:28 GMT+0800 (GMT+08:00)
[joke] POST /getSpending 200 - - 18.310 ms --------Thu Jan 09 2020 01:11:37 GMT+0800 (GMT+08:00)
[joke] POST /getSpending 200 - - 20.828 ms --------Thu Jan 09 2020 01:12:44 GMT+0800 (GMT+08:00)
[joke] POST /getUser 200 - - 0.662 ms --------Thu Jan 09 2020 01:13:10 GMT+0800 (GMT+08:00)
[joke] POST /getSumByDate 200 - - 21.067 ms --------Thu Jan 09 2020 01:13:10 GMT+0800 (GMT+08:00)
[joke] POST /getSpending 200 - - 26.377 ms --------Thu Jan 09 2020 01:13:10 GMT+0800 (GMT+08:00)
[joke] POST /getSumByDate 200 - - 23.430 ms --------Thu Jan 09 2020 01:18:08 GMT+0800 (GMT+08:00)
[joke] POST /getSumByDate 200 - - 20.519 ms --------Thu Jan 09 2020 01:18:11 GMT+0800 (GMT+08:00)
[joke] POST /getUser 200 - - 16.642 ms --------Thu Jan 09 2020 01:24:12 GMT+0800 (GMT+08:00)
[joke] POST /getSumByDate 200 - - 40.058 ms --------Thu Jan 09 2020 01:24:12 GMT+0800 (GMT+08:00)
[joke] POST /getSpending 200 - - 45.047 ms --------Thu Jan 09 2020 01:24:12 GMT+0800 (GMT+08:00)
[joke] POST /getUser 200 - - 13.980 ms --------Thu Jan 09 2020 01:25:39 GMT+0800 (GMT+08:00)
[joke] POST /getSpending 200 - - 43.885 ms --------Thu Jan 09 2020 01:25:39 GMT+0800 (GMT+08:00)
[joke] POST /getSumByDate 200 - - 41.800 ms --------Thu Jan 09 2020 01:25:39 GMT+0800 (GMT+08:00)
[joke] POST /getUser 200 - - 13.045 ms --------Thu Jan 09 2020 01:26:29 GMT+0800 (GMT+08:00)
[joke] POST /getSpending 200 - - 36.005 ms --------Thu Jan 09 2020 01:26:29 GMT+0800 (GMT+08:00)
[joke] POST /getSumByDate 200 - - 42.244 ms --------Thu Jan 09 2020 01:26:29 GMT+0800 (GMT+08:00)
[joke] POST /getUser 200 - - 11.850 ms --------Thu Jan 09 2020 01:30:44 GMT+0800 (GMT+08:00)
[joke] POST /getSpending 200 - - 49.568 ms --------Thu Jan 09 2020 01:30:44 GMT+0800 (GMT+08:00)
[joke] POST /getSumByDate 200 - - 47.006 ms --------Thu Jan 09 2020 01:30:44 GMT+0800 (GMT+08:00)
[joke] POST /getUser 200 - - 14.130 ms --------Thu Jan 09 2020 01:31:16 GMT+0800 (GMT+08:00)
[joke] POST /getSpending 200 - - 40.227 ms --------Thu Jan 09 2020 01:31:16 GMT+0800 (GMT+08:00)
[joke] POST /getSumByDate 200 - - 43.027 ms --------Thu Jan 09 2020 01:31:16 GMT+0800 (GMT+08:00)
[joke] POST /getUser 200 - - 0.395 ms --------Thu Jan 09 2020 01:31:48 GMT+0800 (GMT+08:00)
[joke] POST /getSpending 200 - - 29.137 ms --------Thu Jan 09 2020 01:31:48 GMT+0800 (GMT+08:00)
[joke] POST /getSumByDate 200 - - 30.958 ms --------Thu Jan 09 2020 01:31:48 GMT+0800 (GMT+08:00)
[joke] POST /getUser 200 - - 16.191 ms --------Thu Jan 09 2020 01:32:30 GMT+0800 (GMT+08:00)
[joke] POST /getSumByDate 200 - - 41.184 ms --------Thu Jan 09 2020 01:32:30 GMT+0800 (GMT+08:00)
[joke] POST /getSpending 200 - - 40.063 ms --------Thu Jan 09 2020 01:32:30 GMT+0800 (GMT+08:00)
[joke] POST /getSpending 200 - - 18.677 ms --------Thu Jan 09 2020 01:34:46 GMT+0800 (GMT+08:00)
[joke] POST /getUser 200 - - 0.516 ms --------Thu Jan 09 2020 01:34:50 GMT+0800 (GMT+08:00)
[joke] POST /getSpending 200 - - 21.606 ms --------Thu Jan 09 2020 01:34:50 GMT+0800 (GMT+08:00)
[joke] POST /getSumByDate 200 - - 17.671 ms --------Thu Jan 09 2020 01:34:50 GMT+0800 (GMT+08:00)
[joke] POST /getSpending 200 - - 22.254 ms --------Thu Jan 09 2020 01:34:53 GMT+0800 (GMT+08:00)
[joke] POST /getSpending 200 - - 21.100 ms --------Thu Jan 09 2020 01:34:55 GMT+0800 (GMT+08:00)
[joke] POST /getSpending 200 - - 18.352 ms --------Thu Jan 09 2020 01:34:58 GMT+0800 (GMT+08:00)
[joke] POST /getUser 200 - - 11.686 ms --------Thu Jan 09 2020 01:50:35 GMT+0800 (GMT+08:00)
[joke] POST /getSumByDate 200 - - 38.108 ms --------Thu Jan 09 2020 01:50:35 GMT+0800 (GMT+08:00)
[joke] POST /getSpending 200 - - 39.175 ms --------Thu Jan 09 2020 01:50:35 GMT+0800 (GMT+08:00)
[joke] POST /getUser 200 - - 0.385 ms --------Thu Jan 09 2020 01:50:37 GMT+0800 (GMT+08:00)
[joke] POST /getSpending 200 - - 17.495 ms --------Thu Jan 09 2020 01:50:37 GMT+0800 (GMT+08:00)
[joke] POST /getSumByDate 200 - - 19.028 ms --------Thu Jan 09 2020 01:50:37 GMT+0800 (GMT+08:00)
[joke] POST /subSpending 200 - - 44.004 ms --------Thu Jan 09 2020 01:51:49 GMT+0800 (GMT+08:00)
[joke] POST /getSumByDate 200 - - 17.915 ms --------Thu Jan 09 2020 01:51:49 GMT+0800 (GMT+08:00)
