[Mon Oct 28 2019 23:57:35 GMT+0800 (GMT+08:00)] 
"没有session"
[Tue Oct 29 2019 00:20:52 GMT+0800 (GMT+08:00)] 
"没有session"
[Tue Oct 29 2019 00:20:57 GMT+0800 (GMT+08:00)] 
{"code":"ER_NO_SUCH_TABLE","errno":1146,"sqlMessage":"Table 'user.users' doesn't exist","sqlState":"42S02","index":0,"sql":"select password from users where name = 'syy'"}
[Tue Oct 29 2019 00:22:25 GMT+0800 (GMT+08:00)] 
{"code":"ER_NO_SUCH_TABLE","errno":1146,"sqlMessage":"Table 'user.users' doesn't exist","sqlState":"42S02","index":0,"sql":"select password from users where name = 'syy'"}
[Tue Oct 29 2019 00:41:11 GMT+0800 (GMT+08:00)] 
{"code":"ER_NO_SUCH_TABLE","errno":1146,"sqlMessage":"Table 'user.users' doesn't exist","sqlState":"42S02","index":0,"sql":"select password from users where name = 'syy'"}
[Tue Oct 29 2019 00:42:28 GMT+0800 (GMT+08:00)] 
{"code":"ER_NO_SUCH_TABLE","errno":1146,"sqlMessage":"Table 'user.users' doesn't exist","sqlState":"42S02","index":0,"sql":"select password from users where name = 'syy'"}
[Tue Oct 29 2019 00:50:24 GMT+0800 (GMT+08:00)] 
"没有session"
[Tue Oct 29 2019 00:50:32 GMT+0800 (GMT+08:00)] 
{"code":"ER_NO_SUCH_TABLE","errno":1146,"sqlMessage":"Table 'user.users' doesn't exist","sqlState":"42S02","index":0,"sql":"select password from users where name = 'syy'"}
[Tue Oct 29 2019 00:50:53 GMT+0800 (GMT+08:00)] 
{"code":"ER_NO_SUCH_TABLE","errno":1146,"sqlMessage":"Table 'user.users' doesn't exist","sqlState":"42S02","index":0,"sql":"select password from users where name = 'syy'"}
[Tue Oct 29 2019 00:54:16 GMT+0800 (GMT+08:00)] 
{"code":"ER_NO_SUCH_TABLE","errno":1146,"sqlMessage":"Table 'user.users' doesn't exist","sqlState":"42S02","index":0,"sql":"select password from users where name = 'syy'"}
[Tue Oct 29 2019 00:56:50 GMT+0800 (GMT+08:00)] 
{"code":"ER_NO_SUCH_TABLE","errno":1146,"sqlMessage":"Table 'user.users' doesn't exist","sqlState":"42S02","index":0,"sql":"select password from users where name = 'syy'"}
[Tue Oct 29 2019 01:02:42 GMT+0800 (GMT+08:00)] 
{"code":"ER_NO_SUCH_TABLE","errno":1146,"sqlMessage":"Table 'user.users' doesn't exist","sqlState":"42S02","index":0,"sql":"select password from users where name = 'syy'"}
[Tue Oct 29 2019 01:05:57 GMT+0800 (GMT+08:00)] 
{"code":"ER_NO_SUCH_TABLE","errno":1146,"sqlMessage":"Table 'user.syy' doesn't exist","sqlState":"42S02","index":0,"sql":"select *  from syy where date='2019-10-29' and user='syy'"}
[Tue Oct 29 2019 01:05:58 GMT+0800 (GMT+08:00)] 
{"code":"ER_NO_SUCH_TABLE","errno":1146,"sqlMessage":"Table 'user.syy' doesn't exist","sqlState":"42S02","index":0,"sql":" select sum(breakfast),sum(lunch),sum(dinner),sum(traffic),sum(sock),sum(clothes),sum(play),sum(others) from syy where date>'2019-10' and date<'2019-11' and user='syy'"}
[Tue Oct 29 2019 01:06:14 GMT+0800 (GMT+08:00)] 
{"code":"ER_NO_SUCH_TABLE","errno":1146,"sqlMessage":"Table 'user.syy' doesn't exist","sqlState":"42S02","index":0,"sql":" select sum(breakfast),sum(lunch),sum(dinner),sum(traffic),sum(sock),sum(clothes),sum(play),sum(others) from syy where date>'2019-10' and date<'2019-11' and user='syy'"}
[Tue Oct 29 2019 01:06:14 GMT+0800 (GMT+08:00)] 
{"code":"ER_NO_SUCH_TABLE","errno":1146,"sqlMessage":"Table 'user.syy' doesn't exist","sqlState":"42S02","index":0,"sql":"select *  from syy where date='2019-10-29' and user='syy'"}
[Tue Oct 29 2019 01:08:47 GMT+0800 (GMT+08:00)] 
{"code":"ER_NO_SUCH_TABLE","errno":1146,"sqlMessage":"Table 'user.syy' doesn't exist","sqlState":"42S02","index":0,"sql":"select *  from syy where date='2019-10-29' and user='syy'"}
[Tue Oct 29 2019 01:08:47 GMT+0800 (GMT+08:00)] 
{"code":"ER_NO_SUCH_TABLE","errno":1146,"sqlMessage":"Table 'user.syy' doesn't exist","sqlState":"42S02","index":0,"sql":" select sum(breakfast),sum(lunch),sum(dinner),sum(traffic),sum(sock),sum(clothes),sum(play),sum(others) from syy where date>'2019-10' and date<'2019-11' and user='syy'"}
[Tue Oct 29 2019 01:09:22 GMT+0800 (GMT+08:00)] 
{"code":"ER_NO_SUCH_TABLE","errno":1146,"sqlMessage":"Table 'user.syy' doesn't exist","sqlState":"42S02","index":0,"sql":"select *  from syy where date='2019-10-29' and user='syy'"}
[Tue Oct 29 2019 01:09:22 GMT+0800 (GMT+08:00)] 
{"code":"ER_NO_SUCH_TABLE","errno":1146,"sqlMessage":"Table 'user.syy' doesn't exist","sqlState":"42S02","index":0,"sql":" select sum(breakfast),sum(lunch),sum(dinner),sum(traffic),sum(sock),sum(clothes),sum(play),sum(others) from syy where date>'2019-10' and date<'2019-11' and user='syy'"}
[Tue Oct 29 2019 01:09:29 GMT+0800 (GMT+08:00)] 
{"code":"ER_NO_SUCH_TABLE","errno":1146,"sqlMessage":"Table 'user.user' doesn't exist","sqlState":"42S02","index":0,"sql":"select *  from user where date='2019-10-29' and user='syy'"}
[Tue Oct 29 2019 01:09:29 GMT+0800 (GMT+08:00)] 
{"code":"ER_NO_SUCH_TABLE","errno":1146,"sqlMessage":"Table 'user.user' doesn't exist","sqlState":"42S02","index":0,"sql":" select sum(breakfast),sum(lunch),sum(dinner),sum(traffic),sum(sock),sum(clothes),sum(play),sum(others) from user where date>'2019-10' and date<'2019-11' and user='syy'"}
[Tue Oct 29 2019 01:11:08 GMT+0800 (GMT+08:00)] 
{"code":"ER_NO_SUCH_TABLE","errno":1146,"sqlMessage":"Table 'user.syy' doesn't exist","sqlState":"42S02","index":0,"sql":"select *  from syy where date='2019-10-29' and user='syy'"}
[Tue Oct 29 2019 01:11:08 GMT+0800 (GMT+08:00)] 
{"code":"ER_NO_SUCH_TABLE","errno":1146,"sqlMessage":"Table 'user.syy' doesn't exist","sqlState":"42S02","index":0,"sql":" select sum(breakfast),sum(lunch),sum(dinner),sum(traffic),sum(sock),sum(clothes),sum(play),sum(others) from syy where date>'2019-10' and date<'2019-11' and user='syy'"}
[Tue Oct 29 2019 01:12:11 GMT+0800 (GMT+08:00)] 
{"code":"ER_NO_SUCH_TABLE","errno":1146,"sqlMessage":"Table 'user.session' doesn't exist","sqlState":"42S02","index":0,"sql":" select sum(breakfast),sum(lunch),sum(dinner),sum(traffic),sum(sock),sum(clothes),sum(play),sum(others) from session where date>'2019-10' and date<'2019-11' and user='syy'"}
[Tue Oct 29 2019 01:12:11 GMT+0800 (GMT+08:00)] 
{"code":"ER_NO_SUCH_TABLE","errno":1146,"sqlMessage":"Table 'user.session' doesn't exist","sqlState":"42S02","index":0,"sql":"select *  from session where date='2019-10-29' and user='syy'"}
[Tue Oct 29 2019 01:13:11 GMT+0800 (GMT+08:00)] 
{"code":"ER_BAD_FIELD_ERROR","errno":1054,"sqlMessage":"Unknown column 'date' in 'where clause'","sqlState":"42S22","index":0,"sql":"select *  from users where date='2019-10-29' and user='syy'"}
[Tue Oct 29 2019 01:13:11 GMT+0800 (GMT+08:00)] 
{"code":"ER_BAD_FIELD_ERROR","errno":1054,"sqlMessage":"Unknown column 'breakfast' in 'field list'","sqlState":"42S22","index":0,"sql":" select sum(breakfast),sum(lunch),sum(dinner),sum(traffic),sum(sock),sum(clothes),sum(play),sum(others) from users where date>'2019-10' and date<'2019-11' and user='syy'"}
[Tue Oct 29 2019 01:19:23 GMT+0800 (GMT+08:00)] 
{"code":"ER_BAD_FIELD_ERROR","errno":1054,"sqlMessage":"Unknown column 'breakfast' in 'field list'","sqlState":"42S22","index":0,"sql":" select sum(breakfast),sum(lunch),sum(dinner),sum(traffic),sum(sock),sum(clothes),sum(play),sum(others) from users where date>'2019-10' and date<'2019-11' and user='syy'"}
[Tue Oct 29 2019 01:19:23 GMT+0800 (GMT+08:00)] 
{"code":"ER_BAD_FIELD_ERROR","errno":1054,"sqlMessage":"Unknown column 'user' in 'where clause'","sqlState":"42S22","index":0,"sql":"select *  from users where date='2019-10-29' and user='syy'"}
[Tue Oct 29 2019 01:24:38 GMT+0800 (GMT+08:00)] 
{"code":"ER_BAD_FIELD_ERROR","errno":1054,"sqlMessage":"Unknown column 'user' in 'where clause'","sqlState":"42S22","index":0,"sql":"select *  from users where date='2019-10-29' and user='syy'"}
[Tue Oct 29 2019 01:24:38 GMT+0800 (GMT+08:00)] 
{"code":"ER_BAD_FIELD_ERROR","errno":1054,"sqlMessage":"Unknown column 'breakfast' in 'field list'","sqlState":"42S22","index":0,"sql":" select sum(breakfast),sum(lunch),sum(dinner),sum(traffic),sum(sock),sum(clothes),sum(play),sum(others) from users where date>'2019-10' and date<'2019-11' and user='syy'"}
[Tue Oct 29 2019 01:28:08 GMT+0800 (GMT+08:00)] 
{"code":"ER_BAD_FIELD_ERROR","errno":1054,"sqlMessage":"Unknown column 'breakfast' in 'field list'","sqlState":"42S22","index":0,"sql":" select sum(breakfast),sum(lunch),sum(dinner),sum(traffic),sum(sock),sum(clothes),sum(play),sum(others) from users where date>'2019-10' and date<'2019-11' and user='syy'"}
[Tue Oct 29 2019 01:28:08 GMT+0800 (GMT+08:00)] 
{"code":"ER_BAD_FIELD_ERROR","errno":1054,"sqlMessage":"Unknown column 'user' in 'where clause'","sqlState":"42S22","index":0,"sql":"select *  from users where date='2019-10-29' and user='syy'"}
[Tue Oct 29 2019 01:30:45 GMT+0800 (GMT+08:00)] 
{"code":"ER_BAD_FIELD_ERROR","errno":1054,"sqlMessage":"Unknown column 'date' in 'where clause'","sqlState":"42S22","index":0,"sql":"select *  from users where date='2019-10-29' and user='syy'"}
[Tue Oct 29 2019 01:30:46 GMT+0800 (GMT+08:00)] 
{"code":"ER_BAD_FIELD_ERROR","errno":1054,"sqlMessage":"Unknown column 'breakfast' in 'field list'","sqlState":"42S22","index":0,"sql":" select sum(breakfast),sum(lunch),sum(dinner),sum(traffic),sum(sock),sum(clothes),sum(play),sum(others) from users where date>'2019-10' and date<'2019-11' and user='syy'"}
[Tue Oct 29 2019 01:34:35 GMT+0800 (GMT+08:00)] 
{"code":"ER_BAD_FIELD_ERROR","errno":1054,"sqlMessage":"Unknown column 'breakfast' in 'field list'","sqlState":"42S22","index":0,"sql":" select sum(breakfast),sum(lunch),sum(dinner),sum(traffic),sum(sock),sum(clothes),sum(play),sum(others) from syy where date>'2019-10' and date<'2019-11' and user='syy'"}
[Tue Oct 29 2019 01:35:15 GMT+0800 (GMT+08:00)] 
{"code":"ER_BAD_FIELD_ERROR","errno":1054,"sqlMessage":"Unknown column 'breakfast' in 'field list'","sqlState":"42S22","index":0,"sql":" select sum(breakfast),sum(lunch),sum(dinner),sum(traffic),sum(sock),sum(clothes),sum(play),sum(others) from syy where date>'2019-10' and date<'2019-11' and user='syy'"}
[Tue Oct 29 2019 01:35:21 GMT+0800 (GMT+08:00)] 
{"code":"ER_BAD_FIELD_ERROR","errno":1054,"sqlMessage":"Unknown column 'breakfast' in 'field list'","sqlState":"42S22","index":0,"sql":" select sum(breakfast),sum(lunch),sum(dinner),sum(traffic),sum(sock),sum(clothes),sum(play),sum(others) from syy where date>'2019-10' and date<'2019-11' and user='syy'"}
[Tue Oct 29 2019 01:38:41 GMT+0800 (GMT+08:00)] 
{"code":"ER_BAD_FIELD_ERROR","errno":1054,"sqlMessage":"Unknown column 'work' in 'field list'","sqlState":"42S22","index":0,"sql":"insert into syy(date,breakfast,lunch,dinner,traffic,sock,work,clothes,clothesRemind,play,playRemind,others,othersRemind,user) values('2019-10-29',10,10,10,10,10,0,10,'',10,'',10,'','syy')"}
[Tue Oct 29 2019 01:40:14 GMT+0800 (GMT+08:00)] 
{"code":"ER_BAD_FIELD_ERROR","errno":1054,"sqlMessage":"Unknown column 'clothesRemind' in 'field list'","sqlState":"42S22","index":0,"sql":"insert into syy(date,breakfast,lunch,dinner,traffic,sock,work,clothes,clothesRemind,play,playRemind,others,othersRemind,user) values('2019-10-29',10,10,10,10,10,0,10,'',10,'',10,'','syy')"}
[Tue Oct 29 2019 01:45:01 GMT+0800 (GMT+08:00)] 
{"code":"ER_BAD_FIELD_ERROR","errno":1054,"sqlMessage":"Unknown column 'clothesRemind' in 'field list'","sqlState":"42S22","index":0,"sql":"insert into syy(date,breakfast,lunch,dinner,traffic,sock,work,clothes,clothesRemind,play,playRemind,others,othersRemind,user) values('2019-10-29',10,10,10,10,10,0,10,'',10,'',10,'','syy')"}
[Wed Oct 30 2019 23:04:06 GMT+0800 (GMT+08:00)] 
"没有session"
[Mon Jan 06 2020 18:26:39 GMT+0800 (GMT+08:00)] 
"没有session"
[Mon Jan 06 2020 23:28:04 GMT+0800 (GMT+08:00)] 
"没有session"
[Mon Jan 06 2020 23:28:23 GMT+0800 (GMT+08:00)] 
{"code":"ER_NO_SUCH_TABLE","errno":1146,"sqlMessage":"Table 'user.users' doesn't exist","sqlState":"42S02","index":0,"sql":"select password from users where name = 'syy'"}
[Mon Jan 06 2020 23:30:08 GMT+0800 (GMT+08:00)] 
{"code":"ER_BAD_FIELD_ERROR","errno":1054,"sqlMessage":"Unknown column 'password' in 'field list'","sqlState":"42S22","index":0,"sql":"select password from users where name = 'syy'"}
[Mon Jan 06 2020 23:33:18 GMT+0800 (GMT+08:00)] 
{"code":"ER_NO_SUCH_TABLE","errno":1146,"sqlMessage":"Table 'user.syy' doesn't exist","sqlState":"42S02","index":0,"sql":"select *  from syy where date='2020-01-06' and user='syy'"}
[Mon Jan 06 2020 23:33:18 GMT+0800 (GMT+08:00)] 
{"code":"ER_NO_SUCH_TABLE","errno":1146,"sqlMessage":"Table 'user.syy' doesn't exist","sqlState":"42S02","index":0,"sql":" select sum(breakfast),sum(lunch),sum(dinner),sum(traffic),sum(sock),sum(clothes),sum(play),sum(others) from syy where date>'2020-01' and date<'2020-02' and user='syy'"}
[Mon Jan 06 2020 23:35:53 GMT+0800 (GMT+08:00)] 
{"code":"ER_NO_SUCH_TABLE","errno":1146,"sqlMessage":"Table 'user.syy' doesn't exist","sqlState":"42S02","index":0,"sql":"select *  from syy where date='2020-01-06' and user='syy'"}
[Mon Jan 06 2020 23:35:53 GMT+0800 (GMT+08:00)] 
{"code":"ER_NO_SUCH_TABLE","errno":1146,"sqlMessage":"Table 'user.syy' doesn't exist","sqlState":"42S02","index":0,"sql":" select sum(breakfast),sum(lunch),sum(dinner),sum(traffic),sum(sock),sum(clothes),sum(play),sum(others) from syy where date>'2020-01' and date<'2020-02' and user='syy'"}
[Mon Jan 06 2020 23:40:09 GMT+0800 (GMT+08:00)] 
{"code":"ER_NO_SUCH_TABLE","errno":1146,"sqlMessage":"Table 'user.detail' doesn't exist","sqlState":"42S02","index":0,"sql":"select *  from detail where date='2020-01-06' and user='syy'"}
[Mon Jan 06 2020 23:40:09 GMT+0800 (GMT+08:00)] 
{"code":"ER_NO_SUCH_TABLE","errno":1146,"sqlMessage":"Table 'user.syy' doesn't exist","sqlState":"42S02","index":0,"sql":" select sum(breakfast),sum(lunch),sum(dinner),sum(traffic),sum(sock),sum(clothes),sum(play),sum(others) from syy where date>'2020-01' and date<'2020-02' and user='syy'"}
[Mon Jan 06 2020 23:40:41 GMT+0800 (GMT+08:00)] 
{"code":"ER_BAD_FIELD_ERROR","errno":1054,"sqlMessage":"Unknown column 'date' in 'where clause'","sqlState":"42S22","index":0,"sql":"select *  from detail where date='2020-01-06' and user='syy'"}
[Mon Jan 06 2020 23:40:41 GMT+0800 (GMT+08:00)] 
{"code":"ER_NO_SUCH_TABLE","errno":1146,"sqlMessage":"Table 'user.syy' doesn't exist","sqlState":"42S02","index":0,"sql":" select sum(breakfast),sum(lunch),sum(dinner),sum(traffic),sum(sock),sum(clothes),sum(play),sum(others) from syy where date>'2020-01' and date<'2020-02' and user='syy'"}
[Mon Jan 06 2020 23:40:56 GMT+0800 (GMT+08:00)] 
{"code":"ER_NO_SUCH_TABLE","errno":1146,"sqlMessage":"Table 'user.syy' doesn't exist","sqlState":"42S02","index":0,"sql":" select sum(breakfast),sum(lunch),sum(dinner),sum(traffic),sum(sock),sum(clothes),sum(play),sum(others) from syy where date>'2020-01' and date<'2020-02' and user='syy'"}
[Mon Jan 06 2020 23:40:56 GMT+0800 (GMT+08:00)] 
{"code":"ER_BAD_FIELD_ERROR","errno":1054,"sqlMessage":"Unknown column 'date' in 'where clause'","sqlState":"42S22","index":0,"sql":"select *  from detail where date='2020-01-06' and user='syy'"}
[Mon Jan 06 2020 23:42:11 GMT+0800 (GMT+08:00)] 
{"code":"ER_BAD_FIELD_ERROR","errno":1054,"sqlMessage":"Unknown column 'date' in 'where clause'","sqlState":"42S22","index":0,"sql":"select *  from detail where date='2020-01-06' and user='syy'"}
[Mon Jan 06 2020 23:42:11 GMT+0800 (GMT+08:00)] 
{"code":"ER_NO_SUCH_TABLE","errno":1146,"sqlMessage":"Table 'user.syy' doesn't exist","sqlState":"42S02","index":0,"sql":" select sum(breakfast),sum(lunch),sum(dinner),sum(traffic),sum(sock),sum(clothes),sum(play),sum(others) from syy where date>'2020-01' and date<'2020-02' and user='syy'"}
[Mon Jan 06 2020 23:48:11 GMT+0800 (GMT+08:00)] 
{"code":"ER_NO_SUCH_TABLE","errno":1146,"sqlMessage":"Table 'user.syy' doesn't exist","sqlState":"42S02","index":0,"sql":" select sum(breakfast),sum(lunch),sum(dinner),sum(traffic),sum(sock),sum(clothes),sum(play),sum(others) from syy where date>'2020-01' and date<'2020-02' and user='syy'"}
[Mon Jan 06 2020 23:50:32 GMT+0800 (GMT+08:00)] 
{"code":"ER_NO_SUCH_TABLE","errno":1146,"sqlMessage":"Table 'user.syy' doesn't exist","sqlState":"42S02","index":0,"sql":" select sum(breakfast),sum(lunch),sum(dinner),sum(traffic),sum(sock),sum(clothes),sum(play),sum(others) from syy where date>'2020-01' and date<'2020-02' and user='syy'"}
[Mon Jan 06 2020 23:51:17 GMT+0800 (GMT+08:00)] 
{"code":"ER_BAD_FIELD_ERROR","errno":1054,"sqlMessage":"Unknown column 'breakfast' in 'field list'","sqlState":"42S22","index":0,"sql":"insert into detail(date,breakfast,lunch,dinner,traffic,sock,work,clothes,clothesRemind,play,playRemind,others,othersRemind,user) values('2020-01-06',1,1,1,1,1,0,1,'yong',1,'kai',1,'wu','syy')"}
[Mon Jan 06 2020 23:54:08 GMT+0800 (GMT+08:00)] 
{"code":"ER_BAD_FIELD_ERROR","errno":1054,"sqlMessage":"Unknown column 'work' in 'field list'","sqlState":"42S22","index":0,"sql":"insert into detail(date,breakfast,lunch,dinner,traffic,sock,work,clothes,clothesRemind,play,playRemind,others,othersRemind,user) values('2020-01-06',1,1,1,1,1,0,1,'yong',1,'kai',1,'wu','syy')"}
[Tue Jan 07 2020 00:07:39 GMT+0800 (GMT+08:00)] 
{"code":"ER_BAD_FIELD_ERROR","errno":1054,"sqlMessage":"Unknown column 'clothesRemind' in 'field list'","sqlState":"42S22","index":0,"sql":"insert into detail(date,breakfast,lunch,dinner,traffic,sock,work,clothes,clothesRemind,play,playRemind,others,othersRemind,user) values('2020-01-06',1,1,1,1,1,0,1,'yong',1,'kai',1,'wu','syy')"}
[Tue Jan 07 2020 00:12:31 GMT+0800 (GMT+08:00)] 
{"code":"ER_NO_SUCH_TABLE","errno":1146,"sqlMessage":"Table 'user.syy' doesn't exist","sqlState":"42S02","index":0,"sql":" select sum(breakfast),sum(lunch),sum(dinner),sum(traffic),sum(sock),sum(clothes),sum(play),sum(others) from syy where date>'2020-01' and date<'2020-02' and user='syy'"}
[Tue Jan 07 2020 00:14:20 GMT+0800 (GMT+08:00)] 
{"code":"ER_NO_SUCH_TABLE","errno":1146,"sqlMessage":"Table 'user.syy' doesn't exist","sqlState":"42S02","index":0,"sql":" select sum(breakfast),sum(lunch),sum(dinner),sum(traffic),sum(sock),sum(clothes),sum(play),sum(others) from syy where date>'2020-01' and date<'2020-02' and user='syy'"}
[Tue Jan 07 2020 00:14:25 GMT+0800 (GMT+08:00)] 
{"code":"ER_NO_SUCH_TABLE","errno":1146,"sqlMessage":"Table 'user.syy' doesn't exist","sqlState":"42S02","index":0,"sql":" select sum(breakfast),sum(lunch),sum(dinner),sum(traffic),sum(sock),sum(clothes),sum(play),sum(others) from syy where date>'2019-12' and date<'2020-01' and user='syy'"}
[Tue Jan 07 2020 00:14:30 GMT+0800 (GMT+08:00)] 
{"code":"ER_NO_SUCH_TABLE","errno":1146,"sqlMessage":"Table 'user.syy' doesn't exist","sqlState":"42S02","index":0,"sql":" select sum(breakfast),sum(lunch),sum(dinner),sum(traffic),sum(sock),sum(clothes),sum(play),sum(others) from syy where date>'2020-01' and date<'2020-02' and user='syy'"}
[Tue Jan 07 2020 00:15:09 GMT+0800 (GMT+08:00)] 
{"code":"ER_NO_SUCH_TABLE","errno":1146,"sqlMessage":"Table 'user.syy' doesn't exist","sqlState":"42S02","index":0,"sql":" select sum(breakfast),sum(lunch),sum(dinner),sum(traffic),sum(sock),sum(clothes),sum(play),sum(others) from syy where date>'2020-01' and date<'2020-02' and user='syy'"}
[Tue Jan 07 2020 00:15:57 GMT+0800 (GMT+08:00)] 
{"code":"ER_NO_SUCH_TABLE","errno":1146,"sqlMessage":"Table 'user.syy' doesn't exist","sqlState":"42S02","index":0,"sql":" select sum(breakfast),sum(lunch),sum(dinner),sum(traffic),sum(sock),sum(clothes),sum(play),sum(others) from syy where date>'2020-01' and date<'2020-02' and user='syy'"}
