[Tue Oct 29 2019 01:05:55 GMT+0800 (GMT+08:00)] 
[]
[Tue Oct 29 2019 01:05:55 GMT+0800 (GMT+08:00)] 
{"fieldCount":0,"affectedRows":1,"insertId":0,"serverStatus":2,"warningCount":0,"message":"","protocol41":true,"changedRows":0}
[Tue Oct 29 2019 01:06:14 GMT+0800 (GMT+08:00)] 
"syy"
[Tue Oct 29 2019 01:08:47 GMT+0800 (GMT+08:00)] 
"syy"
[Tue Oct 29 2019 01:09:22 GMT+0800 (GMT+08:00)] 
"syy"
[Tue Oct 29 2019 01:09:29 GMT+0800 (GMT+08:00)] 
"syy"
[Tue Oct 29 2019 01:11:08 GMT+0800 (GMT+08:00)] 
"syy"
[Tue Oct 29 2019 01:12:11 GMT+0800 (GMT+08:00)] 
"syy"
[Tue Oct 29 2019 01:13:11 GMT+0800 (GMT+08:00)] 
"syy"
[Tue Oct 29 2019 01:19:23 GMT+0800 (GMT+08:00)] 
"syy"
[Tue Oct 29 2019 01:24:35 GMT+0800 (GMT+08:00)] 
[{"password":"123456"}]
[Tue Oct 29 2019 01:28:07 GMT+0800 (GMT+08:00)] 
"syy"
[Tue Oct 29 2019 01:30:45 GMT+0800 (GMT+08:00)] 
"syy"
[Tue Oct 29 2019 01:34:35 GMT+0800 (GMT+08:00)] 
"syy"
[Tue Oct 29 2019 01:34:35 GMT+0800 (GMT+08:00)] 
[]
[Tue Oct 29 2019 01:35:15 GMT+0800 (GMT+08:00)] 
"syy"
[Tue Oct 29 2019 01:35:15 GMT+0800 (GMT+08:00)] 
[]
[Tue Oct 29 2019 01:35:21 GMT+0800 (GMT+08:00)] 
"syy"
[Tue Oct 29 2019 01:35:21 GMT+0800 (GMT+08:00)] 
[]
[Tue Oct 29 2019 01:37:32 GMT+0800 (GMT+08:00)] 
"syy"
[Tue Oct 29 2019 01:37:32 GMT+0800 (GMT+08:00)] 
[]
[Tue Oct 29 2019 01:37:32 GMT+0800 (GMT+08:00)] 
[{"sum(breakfast)":null,"sum(lunch)":null,"sum(dinner)":null,"sum(traffic)":null,"sum(sock)":null,"sum(clothes)":null,"sum(play)":null,"sum(others)":null}]
[Tue Oct 29 2019 01:38:41 GMT+0800 (GMT+08:00)] 
[]
[Tue Oct 29 2019 01:40:14 GMT+0800 (GMT+08:00)] 
[]
[Tue Oct 29 2019 01:45:01 GMT+0800 (GMT+08:00)] 
[]
[Tue Oct 29 2019 01:45:44 GMT+0800 (GMT+08:00)] 
[]
[Tue Oct 29 2019 01:45:44 GMT+0800 (GMT+08:00)] 
{"fieldCount":0,"affectedRows":1,"insertId":0,"serverStatus":2,"warningCount":0,"message":"","protocol41":true,"changedRows":0}
[Tue Oct 29 2019 01:45:44 GMT+0800 (GMT+08:00)] 
[{"sum(breakfast)":10,"sum(lunch)":10,"sum(dinner)":10,"sum(traffic)":10,"sum(sock)":10,"sum(clothes)":10,"sum(play)":10,"sum(others)":10}]
[Tue Oct 29 2019 01:45:54 GMT+0800 (GMT+08:00)] 
"syy"
[Tue Oct 29 2019 01:45:54 GMT+0800 (GMT+08:00)] 
[{"date":"2019-10-28T16:00:00.000Z","user":"syy","breakfast":10,"lunch":10,"dinner":10,"traffic":10,"sock":10,"clothes":10,"play":10,"others":10,"work":0,"clothesRemind":"","playRemind":"","othersRemind":""}]
[Tue Oct 29 2019 01:45:54 GMT+0800 (GMT+08:00)] 
[{"sum(breakfast)":10,"sum(lunch)":10,"sum(dinner)":10,"sum(traffic)":10,"sum(sock)":10,"sum(clothes)":10,"sum(play)":10,"sum(others)":10}]
[Tue Oct 29 2019 01:45:57 GMT+0800 (GMT+08:00)] 
[{"sum(breakfast)":null,"sum(lunch)":null,"sum(dinner)":null,"sum(traffic)":null,"sum(sock)":null,"sum(clothes)":null,"sum(play)":null,"sum(others)":null}]
[Tue Oct 29 2019 01:46:02 GMT+0800 (GMT+08:00)] 
[{"sum(breakfast)":10,"sum(lunch)":10,"sum(dinner)":10,"sum(traffic)":10,"sum(sock)":10,"sum(clothes)":10,"sum(play)":10,"sum(others)":10}]
[Wed Oct 30 2019 23:05:51 GMT+0800 (GMT+08:00)] 
[]
[Wed Oct 30 2019 23:08:12 GMT+0800 (GMT+08:00)] 
[]
[Wed Oct 30 2019 23:10:50 GMT+0800 (GMT+08:00)] 
[]
[Wed Oct 30 2019 23:11:01 GMT+0800 (GMT+08:00)] 
[]
[Wed Oct 30 2019 23:12:02 GMT+0800 (GMT+08:00)] 
[{"password":"123456"}]
[Wed Oct 30 2019 23:12:04 GMT+0800 (GMT+08:00)] 
[]
[Wed Oct 30 2019 23:12:05 GMT+0800 (GMT+08:00)] 
[{"sum(breakfast)":10,"sum(lunch)":10,"sum(dinner)":10,"sum(traffic)":10,"sum(sock)":10,"sum(clothes)":10,"sum(play)":10,"sum(others)":10}]
[Wed Oct 30 2019 23:12:36 GMT+0800 (GMT+08:00)] 
[{"sum(breakfast)":null,"sum(lunch)":null,"sum(dinner)":null,"sum(traffic)":null,"sum(sock)":null,"sum(clothes)":null,"sum(play)":null,"sum(others)":null}]
[Wed Oct 30 2019 23:16:04 GMT+0800 (GMT+08:00)] 
[]
[Wed Oct 30 2019 23:16:04 GMT+0800 (GMT+08:00)] 
[{"sum(breakfast)":10,"sum(lunch)":10,"sum(dinner)":10,"sum(traffic)":10,"sum(sock)":10,"sum(clothes)":10,"sum(play)":10,"sum(others)":10}]
[Wed Oct 30 2019 23:16:17 GMT+0800 (GMT+08:00)] 
[]
[Wed Oct 30 2019 23:17:27 GMT+0800 (GMT+08:00)] 
[]
[Wed Oct 30 2019 23:20:58 GMT+0800 (GMT+08:00)] 
[]
[Wed Oct 30 2019 23:21:03 GMT+0800 (GMT+08:00)] 
[]
[Wed Oct 30 2019 23:21:17 GMT+0800 (GMT+08:00)] 
[]
[Wed Oct 30 2019 23:23:10 GMT+0800 (GMT+08:00)] 
[]
[Wed Oct 30 2019 23:23:40 GMT+0800 (GMT+08:00)] 
[]
[Wed Oct 30 2019 23:28:14 GMT+0800 (GMT+08:00)] 
[]
[Wed Oct 30 2019 23:30:08 GMT+0800 (GMT+08:00)] 
[]
[Wed Oct 30 2019 23:30:30 GMT+0800 (GMT+08:00)] 
[]
[Wed Oct 30 2019 23:32:35 GMT+0800 (GMT+08:00)] 
[]
[Wed Oct 30 2019 23:52:30 GMT+0800 (GMT+08:00)] 
[]
[Wed Oct 30 2019 23:58:53 GMT+0800 (GMT+08:00)] 
[{"password":"123456"}]
[Wed Oct 30 2019 23:58:58 GMT+0800 (GMT+08:00)] 
[{"password":"123456"}]
[Thu Oct 31 2019 00:03:49 GMT+0800 (GMT+08:00)] 
[{"password":"123456"}]
[Mon Jan 06 2020 23:33:15 GMT+0800 (GMT+08:00)] 
[]
[Mon Jan 06 2020 23:33:16 GMT+0800 (GMT+08:00)] 
{"fieldCount":0,"affectedRows":1,"insertId":0,"serverStatus":2,"warningCount":0,"message":"","protocol41":true,"changedRows":0}
[Mon Jan 06 2020 23:35:50 GMT+0800 (GMT+08:00)] 
[{"password":"123"}]
[Mon Jan 06 2020 23:40:09 GMT+0800 (GMT+08:00)] 
"syy"
[Mon Jan 06 2020 23:40:41 GMT+0800 (GMT+08:00)] 
"syy"
[Mon Jan 06 2020 23:40:56 GMT+0800 (GMT+08:00)] 
"syy"
[Mon Jan 06 2020 23:42:11 GMT+0800 (GMT+08:00)] 
"syy"
[Mon Jan 06 2020 23:48:11 GMT+0800 (GMT+08:00)] 
"syy"
[Mon Jan 06 2020 23:48:11 GMT+0800 (GMT+08:00)] 
[]
[Mon Jan 06 2020 23:50:32 GMT+0800 (GMT+08:00)] 
"syy"
[Mon Jan 06 2020 23:50:32 GMT+0800 (GMT+08:00)] 
[]
[Mon Jan 06 2020 23:51:17 GMT+0800 (GMT+08:00)] 
[]
[Mon Jan 06 2020 23:54:08 GMT+0800 (GMT+08:00)] 
[]
[Tue Jan 07 2020 00:07:39 GMT+0800 (GMT+08:00)] 
[]
[Tue Jan 07 2020 00:12:31 GMT+0800 (GMT+08:00)] 
[]
[Tue Jan 07 2020 00:12:31 GMT+0800 (GMT+08:00)] 
{"fieldCount":0,"affectedRows":1,"insertId":0,"serverStatus":2,"warningCount":0,"message":"","protocol41":true,"changedRows":0}
[Tue Jan 07 2020 00:14:30 GMT+0800 (GMT+08:00)] 
"syy"
[Tue Jan 07 2020 00:14:30 GMT+0800 (GMT+08:00)] 
[]
[Tue Jan 07 2020 00:15:06 GMT+0800 (GMT+08:00)] 
[{"password":"123"}]
[Tue Jan 07 2020 00:15:09 GMT+0800 (GMT+08:00)] 
[]
[Tue Jan 07 2020 00:15:49 GMT+0800 (GMT+08:00)] 
[{"id":0,"date":"2020-01-05T16:00:00.000Z","user":"syy","breakfast":"1","lunch":"1","dinner":"1","traffic":"1","sock":"1","clothes":"1","play":"1","others":"1","work":"0","playRemind":"kai","clothesRemind":"yong","othersRemind":"wu"}]
[Tue Jan 07 2020 00:15:56 GMT+0800 (GMT+08:00)] 
"syy"
[Tue Jan 07 2020 00:15:56 GMT+0800 (GMT+08:00)] 
[]
[Tue Jan 07 2020 00:16:14 GMT+0800 (GMT+08:00)] 
[{"id":0,"date":"2020-01-05T16:00:00.000Z","user":"syy","breakfast":"1","lunch":"1","dinner":"1","traffic":"1","sock":"1","clothes":"1","play":"1","others":"1","work":"0","playRemind":"kai","clothesRemind":"yong","othersRemind":"wu"}]
